2026-01-31 12:17:20,771 : INFO : root : Loading config.
2026-01-31 12:17:20,774 : INFO : YamlMultifileConfigLoader : Machine config file #1: config.yaml
2026-01-31 12:17:20,774 : INFO : ConfigProcessor : Loading config from cache: C:\Users\PINBALL\AppData\Local\Temp\85068ee8e1fc4fe607084c3a18fa8a28.mpf_cache
2026-01-31 12:17:20,825 : INFO : ConfigProcessor : Loading config from cache: C:\Users\PINBALL\AppData\Local\Temp\18eff4bb2db2c1f230cdef763eb53857.mpf_cache
2026-01-31 12:17:20,826 : INFO : ConfigProcessor : Loading config from cache: C:\Users\PINBALL\AppData\Local\Temp\af6ad0dab2f43bd9cbdac83e0b2786ac.mpf_cache
2026-01-31 12:17:20,826 : INFO : ConfigProcessor : Loading config from cache: C:\Users\PINBALL\AppData\Local\Temp\18eff4bb2db2c1f230cdef763eb53857.mpf_cache
2026-01-31 12:17:20,826 : INFO : ConfigProcessor : Loading config from cache: C:\Users\PINBALL\AppData\Local\Temp\ee4ab88e33db079c6b0f3117544f246a.mpf_cache
2026-01-31 12:17:20,827 : INFO : Machine : Mission Pinball Framework Core Engine v0.80.0.dev12
2026-01-31 12:17:20,827 : INFO : Machine : Command line arguments: {'no_load_cache': False, 'create_config_cache': True, 'bcp': True, 'configfile': ['config.yaml'], 'force_assets_load': False, 'platform_integration_test': False, 'jsonlogging': False, 'logfile': 'logs\\2026-01-31-12-17-20-mpf-DESKTOP-HKGT699.log', 'pause': False, 'production': False, 'text_ui': False, 'loglevel': 15, 'consoleloglevel': 20, 'force_platform': 'virtual', 'syslog_address': None, 'full_logfile_path': 'C:\\users\\pinball\\documents\\sonic\\logs\\2026-01-31-12-17-20-mpf-DESKTOP-HKGT699.log'}
2026-01-31 12:17:20,827 : INFO : Machine : MPF path: C:\mpf\Lib\site-packages\mpf
2026-01-31 12:17:20,827 : INFO : Machine : Machine path: C:\users\pinball\documents\sonic
2026-01-31 12:17:20,827 : INFO : Machine : Platform: win32
2026-01-31 12:17:20,827 : INFO : Machine : Python executable location: C:\mpf\Scripts\python.exe
2026-01-31 12:17:20,827 : INFO : Machine : Python version: 3.13.11 (64-bit)
2026-01-31 12:17:20,828 : INFO : Machine : Initializing MPF...
2026-01-31 12:17:20,881 : INFO : EventManager : Event: ======'machine_var_credits_string'====== Args={'value': 'FREE PLAY', 'prev_value': None, 'change': True}
2026-01-31 12:17:20,893 : INFO : EventManager : Event: ======'machine_var_master_volume'====== Args={'value': 0.5, 'prev_value': None, 'change': True}
2026-01-31 12:17:20,893 : INFO : EventManager : Event: ======'machine_var_mpf_version'====== Args={'value': 'Mission Pinball Framework v0.80.0.dev12', 'prev_value': None, 'change': True}
2026-01-31 12:17:20,894 : INFO : EventManager : Event: ======'machine_var_mpf_extended_version'====== Args={'value': 'Mission Pinball Framework v0.80.0.dev12, Config version:6, Show version: 6, BCP version:1.1', 'prev_value': None, 'change': True}
2026-01-31 12:17:20,894 : INFO : EventManager : Event: ======'machine_var_python_version'====== Args={'value': '3.13.11', 'prev_value': None, 'change': True}
2026-01-31 12:17:20,945 : INFO : EventManager : Event: ======'machine_var_platform'====== Args={'value': 'Windows-11-10.0.26200-SP0', 'prev_value': None, 'change': True}
2026-01-31 12:17:20,945 : INFO : EventManager : Event: ======'machine_var_platform_system'====== Args={'value': 'Windows', 'prev_value': None, 'change': True}
2026-01-31 12:17:20,945 : INFO : EventManager : Event: ======'machine_var_platform_release'====== Args={'value': '11', 'prev_value': None, 'change': True}
2026-01-31 12:17:20,945 : INFO : EventManager : Event: ======'machine_var_platform_version'====== Args={'value': '10.0.26200', 'prev_value': None, 'change': True}
2026-01-31 12:17:20,945 : INFO : EventManager : Event: ======'machine_var_platform_machine'====== Args={'value': 'AMD64', 'prev_value': None, 'change': True}
2026-01-31 12:17:20,945 : INFO : EventManager : Event: ======'machine_var_log_file_path'====== Args={'value': 'C:\\users\\pinball\\documents\\sonic\\logs\\2026-01-31-12-17-20-mpf-DESKTOP-HKGT699.log', 'prev_value': None, 'change': True}
2026-01-31 12:17:20,945 : INFO : EventManager : Event: ======'init_phase_1'====== Args={}
2026-01-31 12:17:20,954 : INFO : EventManager : Event: ======'init_phase_2'====== Args={}
2026-01-31 12:17:20,955 : INFO : EventManager : Event: ======'bcp_connection_attempt'====== Args={'name': 'local_display', 'host': 'localhost', 'port': 5050}
2026-01-31 12:17:20,956 : INFO : BCPClientSocket : Connecting BCP to 'local_display' at localhost:5050...
2026-01-31 12:17:23,993 : INFO : BCPClientSocket : Connected BCP to 'local_display' localhost:5050
2026-01-31 12:17:23,994 : INFO : EventManager : Event: ======'bcp_clients_connected'====== Args={}
2026-01-31 12:17:23,995 : INFO : ball_device.bd_plunger : BCH: Initial count: 0
2026-01-31 12:17:23,996 : INFO : ball_device.bd_plunger : State: idle
2026-01-31 12:17:23,996 : INFO : ball_device.bd_trough : BCH: Initial count: 0
2026-01-31 12:17:23,997 : INFO : ball_device.bd_trough : State: idle
2026-01-31 12:17:24,004 : INFO : EventManager : Event: ======'init_phase_3'====== Args={}
2026-01-31 12:17:24,005 : INFO : EventManager : Event: ======'init_phase_4'====== Args={}
2026-01-31 12:17:24,006 : INFO : BallController : Initial balls found: 0
2026-01-31 12:17:24,007 : INFO : EventManager : Event: ======'machine_var_audits_switches_s_plunger_lane'====== Args={'value': 0, 'prev_value': None, 'change': True}
2026-01-31 12:17:24,007 : INFO : EventManager : Event: ======'machine_var_audits_switches_s_trough_3'====== Args={'value': 0, 'prev_value': None, 'change': True}
2026-01-31 12:17:24,007 : INFO : EventManager : Event: ======'machine_var_audits_switches_s_trough_2'====== Args={'value': 0, 'prev_value': None, 'change': True}
2026-01-31 12:17:24,007 : INFO : EventManager : Event: ======'machine_var_audits_switches_s_flipper_left'====== Args={'value': 0, 'prev_value': None, 'change': True}
2026-01-31 12:17:24,007 : INFO : EventManager : Event: ======'machine_var_audits_switches_s_trough_1'====== Args={'value': 0, 'prev_value': None, 'change': True}
2026-01-31 12:17:24,007 : INFO : EventManager : Event: ======'machine_var_audits_switches_s_flipper_right'====== Args={'value': 0, 'prev_value': None, 'change': True}
2026-01-31 12:17:24,007 : INFO : EventManager : Event: ======'machine_var_audits_events_game_started'====== Args={'value': 0, 'prev_value': None, 'change': True}
2026-01-31 12:17:24,007 : INFO : EventManager : Event: ======'machine_var_audits_events_game_ended'====== Args={'value': 0, 'prev_value': None, 'change': True}
2026-01-31 12:17:24,007 : INFO : EventManager : Event: ======'machine_var_audits_player_score'====== Args={'value': {'top': [], 'average': 0, 'total': 0}, 'prev_value': None, 'change': True}
2026-01-31 12:17:24,007 : INFO : EventManager : Event: ======'init_phase_5'====== Args={}
2026-01-31 12:17:24,007 : INFO : EventManager : Event: ======'init_done'====== Args={}
2026-01-31 12:17:24,007 : INFO : EventManager : Event: ======'machine_reset_phase_1'====== Args={}
2026-01-31 12:17:24,010 : INFO : EventManager : Event: ======'machine_reset_phase_2'====== Args={}
2026-01-31 12:17:24,010 : INFO : EventManager : Event: ======'machine_reset_phase_3'====== Args={}
2026-01-31 12:17:24,011 : INFO : EventManager : Event: ======'reset_complete'====== Args={}
2026-01-31 12:17:24,011 : INFO : EventManager : Event: ======'mode_attract_will_start'====== Args={}
2026-01-31 12:17:24,011 : INFO : Timer.attract_carousel_timer : Starting Timer.
2026-01-31 12:17:24,011 : INFO : EventManager : Event: ======'timer_attract_carousel_timer_started'====== Args={'ticks': 0, 'ticks_remaining': 1}
2026-01-31 12:17:24,011 : INFO : EventManager : Event: ======'timer_attract_carousel_timer_tick'====== Args={'ticks': 0, 'ticks_remaining': 1}
2026-01-31 12:17:24,011 : INFO : EventManager : Event: ======'mode_attract_starting'====== Args={}
2026-01-31 12:17:24,012 : INFO : Mode.attract : Started. Priority: 10
2026-01-31 12:17:24,012 : INFO : EventManager : Event: ======'modes_active_modes_changed'====== Args={}
2026-01-31 12:17:24,012 : INFO : EventManager : Event: ======'mode_attract_started'====== Args={}
2026-01-31 12:17:24,012 : INFO : EventManager : Event: ======'collecting_balls_complete'====== Args={}
2026-01-31 12:17:24,012 : INFO : EventManager : Event: ======'carousel_item_highlighted'====== Args={'carousel': 'attract', 'direction': None, 'item': 'title'}
2026-01-31 12:17:24,013 : INFO : Machine : Starting the main run loop with active modes: [<Mode.attract>]
2026-01-31 12:17:24,038 : INFO : EventManager : Event: ======'slide_attract_created'====== Args={'_from_bcp': True}
2026-01-31 12:17:24,038 : INFO : EventManager : Event: ======'slide__removed'====== Args={'_from_bcp': True}
2026-01-31 12:17:24,038 : INFO : EventManager : Event: ======'slide_attract_active'====== Args={'original_context': 'attract', 'original_calling_context': 'mode_attract_started', 'priority': 10.0, 'cmd': 'slides_play', '_from_bcp': True}
2026-01-31 12:17:28,802 : INFO : SwitchController : <<<<<<< 's_flipper_left' active >>>>>>>
2026-01-31 12:17:28,802 : INFO : EventManager : Event: ======'s_flipper_left_active'====== Args={}
2026-01-31 12:17:28,802 : INFO : EventManager : Event: ======'carousel_item_highlighted'====== Args={'carousel': 'attract', 'direction': 'backwards', 'item': 'mpf_logo'}
2026-01-31 12:17:28,902 : INFO : SwitchController : <<<<<<< 's_flipper_left' inactive >>>>>>>
2026-01-31 12:17:29,026 : INFO : Timer.attract_carousel_timer : Timer Complete
2026-01-31 12:17:29,026 : INFO : Timer.attract_carousel_timer : Stopping Timer
2026-01-31 12:17:29,026 : INFO : EventManager : Event: ======'timer_attract_carousel_timer_stopped'====== Args={'ticks': 1, 'ticks_remaining': 1}
2026-01-31 12:17:29,026 : INFO : EventManager : Event: ======'timer_attract_carousel_timer_complete'====== Args={'ticks': 1, 'ticks_remaining': 1}
2026-01-31 12:17:29,569 : INFO : SwitchController : <<<<<<< 's_flipper_left' active >>>>>>>
2026-01-31 12:17:29,569 : INFO : EventManager : Event: ======'s_flipper_left_active'====== Args={}
2026-01-31 12:17:29,569 : INFO : EventManager : Event: ======'carousel_item_highlighted'====== Args={'carousel': 'attract', 'direction': 'backwards', 'item': 'credits'}
2026-01-31 12:17:29,685 : INFO : SwitchController : <<<<<<< 's_flipper_left' inactive >>>>>>>
2026-01-31 12:17:30,403 : INFO : SwitchController : <<<<<<< 's_flipper_left' active >>>>>>>
2026-01-31 12:17:30,403 : INFO : EventManager : Event: ======'s_flipper_left_active'====== Args={}
2026-01-31 12:17:30,403 : INFO : EventManager : Event: ======'carousel_item_highlighted'====== Args={'carousel': 'attract', 'direction': 'backwards', 'item': 'title'}
2026-01-31 12:17:30,503 : INFO : SwitchController : <<<<<<< 's_flipper_left' inactive >>>>>>>
2026-01-31 12:17:31,054 : INFO : SwitchController : <<<<<<< 's_flipper_left' active >>>>>>>
2026-01-31 12:17:31,054 : INFO : EventManager : Event: ======'s_flipper_left_active'====== Args={}
2026-01-31 12:17:31,054 : INFO : EventManager : Event: ======'carousel_item_highlighted'====== Args={'carousel': 'attract', 'direction': 'backwards', 'item': 'mpf_logo'}
2026-01-31 12:17:31,170 : INFO : SwitchController : <<<<<<< 's_flipper_left' inactive >>>>>>>
2026-01-31 12:17:31,537 : INFO : SwitchController : <<<<<<< 's_flipper_left' active >>>>>>>
2026-01-31 12:17:31,537 : INFO : EventManager : Event: ======'s_flipper_left_active'====== Args={}
2026-01-31 12:17:31,537 : INFO : EventManager : Event: ======'carousel_item_highlighted'====== Args={'carousel': 'attract', 'direction': 'backwards', 'item': 'credits'}
2026-01-31 12:17:31,637 : INFO : SwitchController : <<<<<<< 's_flipper_left' inactive >>>>>>>
2026-01-31 12:17:32,054 : INFO : SwitchController : <<<<<<< 's_flipper_left' active >>>>>>>
2026-01-31 12:17:32,054 : INFO : EventManager : Event: ======'s_flipper_left_active'====== Args={}
2026-01-31 12:17:32,055 : INFO : EventManager : Event: ======'carousel_item_highlighted'====== Args={'carousel': 'attract', 'direction': 'backwards', 'item': 'title'}
2026-01-31 12:17:32,171 : INFO : SwitchController : <<<<<<< 's_flipper_left' inactive >>>>>>>
2026-01-31 12:17:32,654 : INFO : SwitchController : <<<<<<< 's_flipper_left' active >>>>>>>
2026-01-31 12:17:32,655 : INFO : EventManager : Event: ======'s_flipper_left_active'====== Args={}
2026-01-31 12:17:32,655 : INFO : EventManager : Event: ======'carousel_item_highlighted'====== Args={'carousel': 'attract', 'direction': 'backwards', 'item': 'mpf_logo'}
2026-01-31 12:17:32,771 : INFO : SwitchController : <<<<<<< 's_flipper_left' inactive >>>>>>>
2026-01-31 12:17:33,121 : INFO : SwitchController : <<<<<<< 's_flipper_left' active >>>>>>>
2026-01-31 12:17:33,121 : INFO : EventManager : Event: ======'s_flipper_left_active'====== Args={}
2026-01-31 12:17:33,122 : INFO : EventManager : Event: ======'carousel_item_highlighted'====== Args={'carousel': 'attract', 'direction': 'backwards', 'item': 'credits'}
2026-01-31 12:17:33,222 : INFO : SwitchController : <<<<<<< 's_flipper_left' inactive >>>>>>>
2026-01-31 12:17:33,538 : INFO : SwitchController : <<<<<<< 's_flipper_left' active >>>>>>>
2026-01-31 12:17:33,539 : INFO : EventManager : Event: ======'s_flipper_left_active'====== Args={}
2026-01-31 12:17:33,539 : INFO : EventManager : Event: ======'carousel_item_highlighted'====== Args={'carousel': 'attract', 'direction': 'backwards', 'item': 'title'}
2026-01-31 12:17:33,639 : INFO : SwitchController : <<<<<<< 's_flipper_left' inactive >>>>>>>
2026-01-31 12:17:39,256 : INFO : Machine : Shutting down...
2026-01-31 12:17:39,257 : INFO : EventManager : Event: ======'shutdown'====== Args={}
2026-01-31 12:17:39,260 : INFO : root : MPF run loop ended.
