2026-01-31 11:38:19,661 : INFO : root : Loading config.
2026-01-31 11:38:19,664 : INFO : YamlMultifileConfigLoader : Machine config file #1: config.yaml
2026-01-31 11:38:19,664 : INFO : ConfigProcessor : Loading config from cache: C:\Users\PINBALL\AppData\Local\Temp\85068ee8e1fc4fe607084c3a18fa8a28.mpf_cache
2026-01-31 11:38:19,714 : WARNING : ConfigProcessor : Config file in cache changed: C:\users\pinball\documents\sonic\modes\attract\config\attract.yaml
2026-01-31 11:38:19,714 : INFO : ConfigProcessor : Loading config from file C:\mpf\Lib\site-packages\mpf\modes\attract\config\attract.yaml.
2026-01-31 11:38:19,716 : INFO : ConfigProcessor : Loading config: C:\mpf\Lib\site-packages\mpf\modes\attract\config\attract.yaml
2026-01-31 11:38:19,716 : INFO : ConfigProcessor : Loading config from file C:\users\pinball\documents\sonic\modes\attract\config\attract.yaml.
2026-01-31 11:38:19,719 : INFO : ConfigProcessor : Loading config: C:\users\pinball\documents\sonic\modes\attract\config\attract.yaml
2026-01-31 11:38:19,719 : INFO : ConfigProcessor : Config file cache created: C:\Users\PINBALL\AppData\Local\Temp\18eff4bb2db2c1f230cdef763eb53857.mpf_cache
2026-01-31 11:38:19,720 : INFO : ConfigProcessor : Loading config from cache: C:\Users\PINBALL\AppData\Local\Temp\af6ad0dab2f43bd9cbdac83e0b2786ac.mpf_cache
2026-01-31 11:38:19,720 : INFO : ConfigProcessor : Loading config from cache: C:\Users\PINBALL\AppData\Local\Temp\18eff4bb2db2c1f230cdef763eb53857.mpf_cache
2026-01-31 11:38:19,721 : INFO : ConfigProcessor : Loading config from cache: C:\Users\PINBALL\AppData\Local\Temp\ee4ab88e33db079c6b0f3117544f246a.mpf_cache
2026-01-31 11:38:19,722 : INFO : Machine : Mission Pinball Framework Core Engine v0.80.0.dev12
2026-01-31 11:38:19,722 : INFO : Machine : Command line arguments: {'no_load_cache': False, 'create_config_cache': True, 'bcp': True, 'configfile': ['config.yaml'], 'force_assets_load': False, 'platform_integration_test': False, 'jsonlogging': False, 'logfile': 'logs\\2026-01-31-11-38-19-mpf-DESKTOP-HKGT699.log', 'pause': False, 'production': False, 'text_ui': False, 'loglevel': 15, 'consoleloglevel': 20, 'force_platform': 'virtual', 'syslog_address': None, 'full_logfile_path': 'C:\\users\\pinball\\documents\\sonic\\logs\\2026-01-31-11-38-19-mpf-DESKTOP-HKGT699.log'}
2026-01-31 11:38:19,722 : INFO : Machine : MPF path: C:\mpf\Lib\site-packages\mpf
2026-01-31 11:38:19,722 : INFO : Machine : Machine path: C:\users\pinball\documents\sonic
2026-01-31 11:38:19,722 : INFO : Machine : Platform: win32
2026-01-31 11:38:19,722 : INFO : Machine : Python executable location: C:\mpf\Scripts\python.exe
2026-01-31 11:38:19,722 : INFO : Machine : Python version: 3.13.11 (64-bit)
2026-01-31 11:38:19,723 : INFO : Machine : Initializing MPF...
2026-01-31 11:38:19,775 : INFO : EventManager : Event: ======'machine_var_credits_string'====== Args={'value': 'FREE PLAY', 'prev_value': None, 'change': True}
2026-01-31 11:38:19,787 : INFO : EventManager : Event: ======'machine_var_master_volume'====== Args={'value': 0.5, 'prev_value': None, 'change': True}
2026-01-31 11:38:19,787 : INFO : EventManager : Event: ======'machine_var_mpf_version'====== Args={'value': 'Mission Pinball Framework v0.80.0.dev12', 'prev_value': None, 'change': True}
2026-01-31 11:38:19,787 : INFO : EventManager : Event: ======'machine_var_mpf_extended_version'====== Args={'value': 'Mission Pinball Framework v0.80.0.dev12, Config version:6, Show version: 6, BCP version:1.1', 'prev_value': None, 'change': True}
2026-01-31 11:38:19,787 : INFO : EventManager : Event: ======'machine_var_python_version'====== Args={'value': '3.13.11', 'prev_value': None, 'change': True}
2026-01-31 11:38:19,838 : INFO : EventManager : Event: ======'machine_var_platform'====== Args={'value': 'Windows-11-10.0.26200-SP0', 'prev_value': None, 'change': True}
2026-01-31 11:38:19,838 : INFO : EventManager : Event: ======'machine_var_platform_system'====== Args={'value': 'Windows', 'prev_value': None, 'change': True}
2026-01-31 11:38:19,838 : INFO : EventManager : Event: ======'machine_var_platform_release'====== Args={'value': '11', 'prev_value': None, 'change': True}
2026-01-31 11:38:19,838 : INFO : EventManager : Event: ======'machine_var_platform_version'====== Args={'value': '10.0.26200', 'prev_value': None, 'change': True}
2026-01-31 11:38:19,838 : INFO : EventManager : Event: ======'machine_var_platform_machine'====== Args={'value': 'AMD64', 'prev_value': None, 'change': True}
2026-01-31 11:38:19,838 : INFO : EventManager : Event: ======'machine_var_log_file_path'====== Args={'value': 'C:\\users\\pinball\\documents\\sonic\\logs\\2026-01-31-11-38-19-mpf-DESKTOP-HKGT699.log', 'prev_value': None, 'change': True}
2026-01-31 11:38:19,838 : INFO : EventManager : Event: ======'init_phase_1'====== Args={}
2026-01-31 11:38:19,847 : INFO : EventManager : Event: ======'init_phase_2'====== Args={}
2026-01-31 11:38:19,848 : INFO : EventManager : Event: ======'bcp_connection_attempt'====== Args={'name': 'local_display', 'host': 'localhost', 'port': 5050}
2026-01-31 11:38:19,849 : INFO : BCPClientSocket : Connecting BCP to 'local_display' at localhost:5050...
2026-01-31 11:38:23,392 : INFO : BCPClientSocket : Connected BCP to 'local_display' localhost:5050
2026-01-31 11:38:23,393 : INFO : EventManager : Event: ======'bcp_clients_connected'====== Args={}
2026-01-31 11:38:23,394 : INFO : ball_device.bd_plunger : BCH: Initial count: 0
2026-01-31 11:38:23,395 : INFO : ball_device.bd_plunger : State: idle
2026-01-31 11:38:23,395 : INFO : ball_device.bd_trough : BCH: Initial count: 0
2026-01-31 11:38:23,395 : INFO : ball_device.bd_trough : State: idle
2026-01-31 11:38:23,404 : INFO : EventManager : Event: ======'init_phase_3'====== Args={}
2026-01-31 11:38:23,405 : INFO : EventManager : Event: ======'init_phase_4'====== Args={}
2026-01-31 11:38:23,406 : INFO : BallController : Initial balls found: 0
2026-01-31 11:38:23,406 : INFO : EventManager : Event: ======'machine_var_audits_switches_s_trough_2'====== Args={'value': 0, 'prev_value': None, 'change': True}
2026-01-31 11:38:23,406 : INFO : EventManager : Event: ======'machine_var_audits_switches_s_plunger_lane'====== Args={'value': 0, 'prev_value': None, 'change': True}
2026-01-31 11:38:23,406 : INFO : EventManager : Event: ======'machine_var_audits_switches_s_trough_3'====== Args={'value': 0, 'prev_value': None, 'change': True}
2026-01-31 11:38:23,406 : INFO : EventManager : Event: ======'machine_var_audits_switches_s_flipper_right'====== Args={'value': 0, 'prev_value': None, 'change': True}
2026-01-31 11:38:23,406 : INFO : EventManager : Event: ======'machine_var_audits_switches_s_flipper_left'====== Args={'value': 0, 'prev_value': None, 'change': True}
2026-01-31 11:38:23,406 : INFO : EventManager : Event: ======'machine_var_audits_switches_s_trough_1'====== Args={'value': 0, 'prev_value': None, 'change': True}
2026-01-31 11:38:23,406 : INFO : EventManager : Event: ======'machine_var_audits_events_game_started'====== Args={'value': 0, 'prev_value': None, 'change': True}
2026-01-31 11:38:23,407 : INFO : EventManager : Event: ======'machine_var_audits_events_game_ended'====== Args={'value': 0, 'prev_value': None, 'change': True}
2026-01-31 11:38:23,407 : INFO : EventManager : Event: ======'machine_var_audits_player_score'====== Args={'value': {'top': [], 'average': 0, 'total': 0}, 'prev_value': None, 'change': True}
2026-01-31 11:38:23,407 : INFO : EventManager : Event: ======'init_phase_5'====== Args={}
2026-01-31 11:38:23,407 : INFO : EventManager : Event: ======'init_done'====== Args={}
2026-01-31 11:38:23,407 : INFO : EventManager : Event: ======'machine_reset_phase_1'====== Args={}
2026-01-31 11:38:23,413 : INFO : EventManager : Event: ======'machine_reset_phase_2'====== Args={}
2026-01-31 11:38:23,413 : INFO : EventManager : Event: ======'machine_reset_phase_3'====== Args={}
2026-01-31 11:38:23,413 : INFO : EventManager : Event: ======'reset_complete'====== Args={}
2026-01-31 11:38:23,413 : INFO : EventManager : Event: ======'mode_attract_will_start'====== Args={}
2026-01-31 11:38:23,413 : INFO : Timer.attract_carousel_timer : Starting Timer.
2026-01-31 11:38:23,413 : INFO : EventManager : Event: ======'timer_attract_carousel_timer_started'====== Args={'ticks': 0, 'ticks_remaining': 1}
2026-01-31 11:38:23,414 : INFO : EventManager : Event: ======'timer_attract_carousel_timer_tick'====== Args={'ticks': 0, 'ticks_remaining': 1}
2026-01-31 11:38:23,414 : INFO : EventManager : Event: ======'mode_attract_starting'====== Args={}
2026-01-31 11:38:23,414 : INFO : Mode.attract : Started. Priority: 10
2026-01-31 11:38:23,414 : INFO : EventManager : Event: ======'modes_active_modes_changed'====== Args={}
2026-01-31 11:38:23,414 : INFO : EventManager : Event: ======'mode_attract_started'====== Args={}
2026-01-31 11:38:23,414 : INFO : EventManager : Event: ======'collecting_balls_complete'====== Args={}
2026-01-31 11:38:23,415 : INFO : EventManager : Event: ======'carousel_item_highlighted'====== Args={'carousel': 'attract', 'direction': None, 'item': 'title'}
2026-01-31 11:38:23,415 : INFO : Machine : Starting the main run loop with active modes: [<Mode.attract>]
2026-01-31 11:38:23,443 : INFO : EventManager : Event: ======'slide_attract_created'====== Args={'_from_bcp': True}
2026-01-31 11:38:23,443 : INFO : EventManager : Event: ======'slide__removed'====== Args={'_from_bcp': True}
2026-01-31 11:38:23,443 : INFO : EventManager : Event: ======'slide_attract_active'====== Args={'original_context': 'attract', 'original_calling_context': 'mode_attract_started', 'priority': 10.0, 'cmd': 'slides_play', '_from_bcp': True}
2026-01-31 11:38:28,424 : INFO : Timer.attract_carousel_timer : Timer Complete
2026-01-31 11:38:28,424 : INFO : Timer.attract_carousel_timer : Stopping Timer
2026-01-31 11:38:28,424 : INFO : EventManager : Event: ======'timer_attract_carousel_timer_stopped'====== Args={'ticks': 1, 'ticks_remaining': 1}
2026-01-31 11:38:28,424 : INFO : EventManager : Event: ======'timer_attract_carousel_timer_complete'====== Args={'ticks': 1, 'ticks_remaining': 1}
2026-01-31 11:39:13,545 : INFO : SwitchController : <<<<<<< 's_flipper_left' active >>>>>>>
2026-01-31 11:39:13,545 : INFO : EventManager : Event: ======'s_flipper_left_active'====== Args={}
2026-01-31 11:39:13,545 : INFO : EventManager : Event: ======'carousel_item_highlighted'====== Args={'carousel': 'attract', 'direction': 'backwards', 'item': 'mpf_logo'}
2026-01-31 11:39:13,644 : INFO : SwitchController : <<<<<<< 's_flipper_left' inactive >>>>>>>
2026-01-31 11:39:14,028 : INFO : SwitchController : <<<<<<< 's_flipper_left' active >>>>>>>
2026-01-31 11:39:14,028 : INFO : EventManager : Event: ======'s_flipper_left_active'====== Args={}
2026-01-31 11:39:14,029 : INFO : EventManager : Event: ======'carousel_item_highlighted'====== Args={'carousel': 'attract', 'direction': 'backwards', 'item': 'credits'}
2026-01-31 11:39:14,162 : INFO : SwitchController : <<<<<<< 's_flipper_left' inactive >>>>>>>
2026-01-31 11:39:15,646 : INFO : SwitchController : <<<<<<< 's_flipper_left' active >>>>>>>
2026-01-31 11:39:15,647 : INFO : EventManager : Event: ======'s_flipper_left_active'====== Args={}
2026-01-31 11:39:15,647 : INFO : EventManager : Event: ======'carousel_item_highlighted'====== Args={'carousel': 'attract', 'direction': 'backwards', 'item': 'title'}
2026-01-31 11:39:18,649 : INFO : EventManager : Event: ======'flipper_cradle'====== Args={}
2026-01-31 11:39:18,649 : INFO : Timer.attract_carousel_timer : Stopping Timer
2026-01-31 11:39:18,649 : INFO : EventManager : Event: ======'timer_attract_carousel_timer_stopped'====== Args={'ticks': 1, 'ticks_remaining': 1}
2026-01-31 11:39:25,287 : INFO : SwitchController : <<<<<<< 's_flipper_left' inactive >>>>>>>
2026-01-31 11:39:25,288 : INFO : EventManager : Event: ======'flipper_cradle_release'====== Args={}
2026-01-31 11:39:25,288 : INFO : Timer.attract_carousel_timer : Starting Timer.
2026-01-31 11:39:25,288 : INFO : EventManager : Event: ======'timer_attract_carousel_timer_started'====== Args={'ticks': 0, 'ticks_remaining': 1}
2026-01-31 11:39:25,288 : INFO : EventManager : Event: ======'timer_attract_carousel_timer_tick'====== Args={'ticks': 0, 'ticks_remaining': 1}
2026-01-31 11:39:25,738 : INFO : SwitchController : <<<<<<< 's_flipper_left' active >>>>>>>
2026-01-31 11:39:25,738 : INFO : EventManager : Event: ======'s_flipper_left_active'====== Args={}
2026-01-31 11:39:25,738 : INFO : EventManager : Event: ======'carousel_item_highlighted'====== Args={'carousel': 'attract', 'direction': 'backwards', 'item': 'mpf_logo'}
2026-01-31 11:39:25,938 : INFO : SwitchController : <<<<<<< 's_flipper_left' inactive >>>>>>>
2026-01-31 11:39:26,255 : INFO : SwitchController : <<<<<<< 's_flipper_left' active >>>>>>>
2026-01-31 11:39:26,255 : INFO : EventManager : Event: ======'s_flipper_left_active'====== Args={}
2026-01-31 11:39:26,255 : INFO : EventManager : Event: ======'carousel_item_highlighted'====== Args={'carousel': 'attract', 'direction': 'backwards', 'item': 'credits'}
2026-01-31 11:39:26,472 : INFO : SwitchController : <<<<<<< 's_flipper_left' inactive >>>>>>>
2026-01-31 11:39:27,089 : INFO : SwitchController : <<<<<<< 's_flipper_left' active >>>>>>>
2026-01-31 11:39:27,089 : INFO : EventManager : Event: ======'s_flipper_left_active'====== Args={}
2026-01-31 11:39:27,089 : INFO : EventManager : Event: ======'carousel_item_highlighted'====== Args={'carousel': 'attract', 'direction': 'backwards', 'item': 'title'}
2026-01-31 11:39:27,256 : INFO : SwitchController : <<<<<<< 's_flipper_left' inactive >>>>>>>
2026-01-31 11:39:27,606 : INFO : SwitchController : <<<<<<< 's_flipper_left' active >>>>>>>
2026-01-31 11:39:27,606 : INFO : EventManager : Event: ======'s_flipper_left_active'====== Args={}
2026-01-31 11:39:27,606 : INFO : EventManager : Event: ======'carousel_item_highlighted'====== Args={'carousel': 'attract', 'direction': 'backwards', 'item': 'mpf_logo'}
2026-01-31 11:39:27,756 : INFO : SwitchController : <<<<<<< 's_flipper_left' inactive >>>>>>>
2026-01-31 11:39:28,173 : INFO : SwitchController : <<<<<<< 's_flipper_left' active >>>>>>>
2026-01-31 11:39:28,174 : INFO : EventManager : Event: ======'s_flipper_left_active'====== Args={}
2026-01-31 11:39:28,174 : INFO : EventManager : Event: ======'carousel_item_highlighted'====== Args={'carousel': 'attract', 'direction': 'backwards', 'item': 'credits'}
2026-01-31 11:39:28,373 : INFO : SwitchController : <<<<<<< 's_flipper_left' inactive >>>>>>>
2026-01-31 11:39:28,723 : INFO : SwitchController : <<<<<<< 's_flipper_left' active >>>>>>>
2026-01-31 11:39:28,724 : INFO : EventManager : Event: ======'s_flipper_left_active'====== Args={}
2026-01-31 11:39:28,724 : INFO : EventManager : Event: ======'carousel_item_highlighted'====== Args={'carousel': 'attract', 'direction': 'backwards', 'item': 'title'}
2026-01-31 11:39:28,890 : INFO : SwitchController : <<<<<<< 's_flipper_left' inactive >>>>>>>
2026-01-31 11:39:30,297 : INFO : Timer.attract_carousel_timer : Timer Complete
2026-01-31 11:39:30,297 : INFO : Timer.attract_carousel_timer : Stopping Timer
2026-01-31 11:39:30,297 : INFO : EventManager : Event: ======'timer_attract_carousel_timer_stopped'====== Args={'ticks': 1, 'ticks_remaining': 1}
2026-01-31 11:39:30,297 : INFO : EventManager : Event: ======'timer_attract_carousel_timer_complete'====== Args={'ticks': 1, 'ticks_remaining': 1}
2026-01-31 11:39:45,871 : INFO : SwitchController : <<<<<<< 's_flipper_left' active >>>>>>>
2026-01-31 11:39:45,871 : INFO : EventManager : Event: ======'s_flipper_left_active'====== Args={}
2026-01-31 11:39:45,872 : INFO : EventManager : Event: ======'carousel_item_highlighted'====== Args={'carousel': 'attract', 'direction': 'backwards', 'item': 'mpf_logo'}
2026-01-31 11:39:46,038 : INFO : SwitchController : <<<<<<< 's_flipper_left' inactive >>>>>>>
2026-01-31 11:39:46,388 : INFO : SwitchController : <<<<<<< 's_flipper_left' active >>>>>>>
2026-01-31 11:39:46,388 : INFO : EventManager : Event: ======'s_flipper_left_active'====== Args={}
2026-01-31 11:39:46,389 : INFO : EventManager : Event: ======'carousel_item_highlighted'====== Args={'carousel': 'attract', 'direction': 'backwards', 'item': 'credits'}
2026-01-31 11:39:46,522 : INFO : SwitchController : <<<<<<< 's_flipper_left' inactive >>>>>>>
2026-01-31 11:39:46,856 : INFO : SwitchController : <<<<<<< 's_flipper_left' active >>>>>>>
2026-01-31 11:39:46,856 : INFO : EventManager : Event: ======'s_flipper_left_active'====== Args={}
2026-01-31 11:39:46,856 : INFO : EventManager : Event: ======'carousel_item_highlighted'====== Args={'carousel': 'attract', 'direction': 'backwards', 'item': 'title'}
2026-01-31 11:39:47,022 : INFO : SwitchController : <<<<<<< 's_flipper_left' inactive >>>>>>>
2026-01-31 11:40:24,420 : INFO : SwitchController : <<<<<<< 's_flipper_left' active >>>>>>>
2026-01-31 11:40:24,420 : INFO : EventManager : Event: ======'s_flipper_left_active'====== Args={}
2026-01-31 11:40:24,421 : INFO : EventManager : Event: ======'carousel_item_highlighted'====== Args={'carousel': 'attract', 'direction': 'backwards', 'item': 'mpf_logo'}
2026-01-31 11:40:24,553 : INFO : SwitchController : <<<<<<< 's_flipper_left' inactive >>>>>>>
2026-01-31 11:40:25,888 : INFO : SwitchController : <<<<<<< 's_flipper_left' active >>>>>>>
2026-01-31 11:40:25,888 : INFO : EventManager : Event: ======'s_flipper_left_active'====== Args={}
2026-01-31 11:40:25,888 : INFO : EventManager : Event: ======'carousel_item_highlighted'====== Args={'carousel': 'attract', 'direction': 'backwards', 'item': 'credits'}
2026-01-31 11:40:26,004 : INFO : SwitchController : <<<<<<< 's_flipper_left' inactive >>>>>>>
2026-01-31 11:40:27,122 : INFO : SwitchController : <<<<<<< 's_flipper_left' active >>>>>>>
2026-01-31 11:40:27,122 : INFO : EventManager : Event: ======'s_flipper_left_active'====== Args={}
2026-01-31 11:40:27,123 : INFO : EventManager : Event: ======'carousel_item_highlighted'====== Args={'carousel': 'attract', 'direction': 'backwards', 'item': 'title'}
2026-01-31 11:40:27,306 : INFO : SwitchController : <<<<<<< 's_flipper_left' inactive >>>>>>>
2026-01-31 11:40:28,073 : INFO : SwitchController : <<<<<<< 's_flipper_left' active >>>>>>>
2026-01-31 11:40:28,073 : INFO : EventManager : Event: ======'s_flipper_left_active'====== Args={}
2026-01-31 11:40:28,074 : INFO : EventManager : Event: ======'carousel_item_highlighted'====== Args={'carousel': 'attract', 'direction': 'backwards', 'item': 'mpf_logo'}
2026-01-31 11:40:31,078 : INFO : EventManager : Event: ======'flipper_cradle'====== Args={}
2026-01-31 11:40:31,078 : INFO : Timer.attract_carousel_timer : Stopping Timer
2026-01-31 11:40:31,078 : INFO : EventManager : Event: ======'timer_attract_carousel_timer_stopped'====== Args={'ticks': 1, 'ticks_remaining': 1}
2026-01-31 11:40:39,783 : WARNING : SwitchController : Received duplicate switch state 1 for switch s_flipper_left from the platform interface. Log Code: Log-SwitchController-1 (https://missionpinball.org/latest/logs)
2026-01-31 11:40:39,883 : INFO : SwitchController : <<<<<<< 's_flipper_left' inactive >>>>>>>
2026-01-31 11:40:39,883 : INFO : EventManager : Event: ======'flipper_cradle_release'====== Args={}
2026-01-31 11:40:39,883 : INFO : Timer.attract_carousel_timer : Starting Timer.
2026-01-31 11:40:39,883 : INFO : EventManager : Event: ======'timer_attract_carousel_timer_started'====== Args={'ticks': 0, 'ticks_remaining': 1}
2026-01-31 11:40:39,884 : INFO : EventManager : Event: ======'timer_attract_carousel_timer_tick'====== Args={'ticks': 0, 'ticks_remaining': 1}
2026-01-31 11:40:40,266 : INFO : SwitchController : <<<<<<< 's_flipper_left' active >>>>>>>
2026-01-31 11:40:40,266 : INFO : EventManager : Event: ======'s_flipper_left_active'====== Args={}
2026-01-31 11:40:40,267 : INFO : EventManager : Event: ======'carousel_item_highlighted'====== Args={'carousel': 'attract', 'direction': 'backwards', 'item': 'credits'}
2026-01-31 11:40:40,384 : INFO : SwitchController : <<<<<<< 's_flipper_left' inactive >>>>>>>
2026-01-31 11:40:40,516 : INFO : SwitchController : <<<<<<< 's_flipper_left' active >>>>>>>
2026-01-31 11:40:40,517 : INFO : EventManager : Event: ======'s_flipper_left_active'====== Args={}
2026-01-31 11:40:40,517 : INFO : EventManager : Event: ======'carousel_item_highlighted'====== Args={'carousel': 'attract', 'direction': 'backwards', 'item': 'title'}
2026-01-31 11:40:40,600 : INFO : SwitchController : <<<<<<< 's_flipper_left' inactive >>>>>>>
2026-01-31 11:40:41,000 : INFO : SwitchController : <<<<<<< 's_flipper_left' active >>>>>>>
2026-01-31 11:40:41,000 : INFO : EventManager : Event: ======'s_flipper_left_active'====== Args={}
2026-01-31 11:40:41,000 : INFO : EventManager : Event: ======'carousel_item_highlighted'====== Args={'carousel': 'attract', 'direction': 'backwards', 'item': 'mpf_logo'}
2026-01-31 11:40:41,117 : INFO : SwitchController : <<<<<<< 's_flipper_left' inactive >>>>>>>
2026-01-31 11:40:41,451 : INFO : SwitchController : <<<<<<< 's_flipper_left' active >>>>>>>
2026-01-31 11:40:41,451 : INFO : EventManager : Event: ======'s_flipper_left_active'====== Args={}
2026-01-31 11:40:41,451 : INFO : EventManager : Event: ======'carousel_item_highlighted'====== Args={'carousel': 'attract', 'direction': 'backwards', 'item': 'credits'}
2026-01-31 11:40:41,600 : INFO : SwitchController : <<<<<<< 's_flipper_left' inactive >>>>>>>
2026-01-31 11:40:43,219 : INFO : SwitchController : <<<<<<< 's_flipper_left' active >>>>>>>
2026-01-31 11:40:43,219 : INFO : EventManager : Event: ======'s_flipper_left_active'====== Args={}
2026-01-31 11:40:43,220 : INFO : EventManager : Event: ======'carousel_item_highlighted'====== Args={'carousel': 'attract', 'direction': 'backwards', 'item': 'title'}
2026-01-31 11:40:43,386 : INFO : SwitchController : <<<<<<< 's_flipper_left' inactive >>>>>>>
2026-01-31 11:40:44,586 : INFO : SwitchController : <<<<<<< 's_flipper_left' active >>>>>>>
2026-01-31 11:40:44,587 : INFO : EventManager : Event: ======'s_flipper_left_active'====== Args={}
2026-01-31 11:40:44,587 : INFO : EventManager : Event: ======'carousel_item_highlighted'====== Args={'carousel': 'attract', 'direction': 'backwards', 'item': 'mpf_logo'}
2026-01-31 11:40:44,703 : INFO : SwitchController : <<<<<<< 's_flipper_left' inactive >>>>>>>
2026-01-31 11:40:44,892 : INFO : Timer.attract_carousel_timer : Timer Complete
2026-01-31 11:40:44,893 : INFO : Timer.attract_carousel_timer : Stopping Timer
2026-01-31 11:40:44,893 : INFO : EventManager : Event: ======'timer_attract_carousel_timer_stopped'====== Args={'ticks': 1, 'ticks_remaining': 1}
2026-01-31 11:40:44,893 : INFO : EventManager : Event: ======'timer_attract_carousel_timer_complete'====== Args={'ticks': 1, 'ticks_remaining': 1}
2026-01-31 11:40:45,754 : INFO : SwitchController : <<<<<<< 's_flipper_left' active >>>>>>>
2026-01-31 11:40:45,754 : INFO : EventManager : Event: ======'s_flipper_left_active'====== Args={}
2026-01-31 11:40:45,755 : INFO : EventManager : Event: ======'carousel_item_highlighted'====== Args={'carousel': 'attract', 'direction': 'backwards', 'item': 'credits'}
2026-01-31 11:40:45,855 : INFO : SwitchController : <<<<<<< 's_flipper_left' inactive >>>>>>>
2026-01-31 11:40:53,407 : INFO : Machine : Shutting down...
2026-01-31 11:40:53,407 : INFO : EventManager : Event: ======'shutdown'====== Args={}
2026-01-31 11:40:53,410 : INFO : root : MPF run loop ended.
