2026-01-30 20:37:32,692 : INFO : root : Loading config.
2026-01-30 20:37:32,703 : INFO : YamlMultifileConfigLoader : Machine config file #1: config.yaml
2026-01-30 20:37:32,703 : INFO : ConfigProcessor : Loading config from cache: C:\Users\PINBALL\AppData\Local\Temp\85068ee8e1fc4fe607084c3a18fa8a28.mpf_cache
2026-01-30 20:37:32,766 : INFO : ConfigProcessor : Loading config from cache: C:\Users\PINBALL\AppData\Local\Temp\18eff4bb2db2c1f230cdef763eb53857.mpf_cache
2026-01-30 20:37:32,767 : INFO : ConfigProcessor : Loading config from cache: C:\Users\PINBALL\AppData\Local\Temp\af6ad0dab2f43bd9cbdac83e0b2786ac.mpf_cache
2026-01-30 20:37:32,774 : INFO : ConfigProcessor : Loading config from cache: C:\Users\PINBALL\AppData\Local\Temp\18eff4bb2db2c1f230cdef763eb53857.mpf_cache
2026-01-30 20:37:32,775 : INFO : ConfigProcessor : Loading config from cache: C:\Users\PINBALL\AppData\Local\Temp\ee4ab88e33db079c6b0f3117544f246a.mpf_cache
2026-01-30 20:37:32,775 : INFO : Machine : Mission Pinball Framework Core Engine v0.80.0.dev12
2026-01-30 20:37:32,775 : INFO : Machine : Command line arguments: {'no_load_cache': False, 'create_config_cache': True, 'bcp': True, 'configfile': ['config.yaml'], 'force_assets_load': False, 'platform_integration_test': False, 'jsonlogging': False, 'logfile': 'logs\\2026-01-30-20-37-32-mpf-DESKTOP-HKGT699.log', 'pause': False, 'production': False, 'text_ui': False, 'loglevel': 15, 'consoleloglevel': 20, 'force_platform': 'virtual', 'syslog_address': None, 'full_logfile_path': 'C:\\users\\pinball\\documents\\sonic\\logs\\2026-01-30-20-37-32-mpf-DESKTOP-HKGT699.log'}
2026-01-30 20:37:32,776 : INFO : Machine : MPF path: C:\mpf\Lib\site-packages\mpf
2026-01-30 20:37:32,776 : INFO : Machine : Machine path: C:\users\pinball\documents\sonic
2026-01-30 20:37:32,776 : INFO : Machine : Platform: win32
2026-01-30 20:37:32,776 : INFO : Machine : Python executable location: C:\mpf\Scripts\python.exe
2026-01-30 20:37:32,776 : INFO : Machine : Python version: 3.13.11 (64-bit)
2026-01-30 20:37:32,778 : INFO : Machine : Initializing MPF...
2026-01-30 20:37:32,833 : INFO : EventManager : Event: ======'machine_var_credits_string'====== Args={'value': 'FREE PLAY', 'prev_value': None, 'change': True}
2026-01-30 20:37:32,845 : INFO : EventManager : Event: ======'machine_var_master_volume'====== Args={'value': 0.5, 'prev_value': None, 'change': True}
2026-01-30 20:37:32,845 : INFO : EventManager : Event: ======'machine_var_mpf_version'====== Args={'value': 'Mission Pinball Framework v0.80.0.dev12', 'prev_value': None, 'change': True}
2026-01-30 20:37:32,845 : INFO : EventManager : Event: ======'machine_var_mpf_extended_version'====== Args={'value': 'Mission Pinball Framework v0.80.0.dev12, Config version:6, Show version: 6, BCP version:1.1', 'prev_value': None, 'change': True}
2026-01-30 20:37:32,845 : INFO : EventManager : Event: ======'machine_var_python_version'====== Args={'value': '3.13.11', 'prev_value': None, 'change': True}
2026-01-30 20:37:32,894 : INFO : EventManager : Event: ======'machine_var_platform'====== Args={'value': 'Windows-11-10.0.26200-SP0', 'prev_value': None, 'change': True}
2026-01-30 20:37:32,894 : INFO : EventManager : Event: ======'machine_var_platform_system'====== Args={'value': 'Windows', 'prev_value': None, 'change': True}
2026-01-30 20:37:32,894 : INFO : EventManager : Event: ======'machine_var_platform_release'====== Args={'value': '11', 'prev_value': None, 'change': True}
2026-01-30 20:37:32,894 : INFO : EventManager : Event: ======'machine_var_platform_version'====== Args={'value': '10.0.26200', 'prev_value': None, 'change': True}
2026-01-30 20:37:32,894 : INFO : EventManager : Event: ======'machine_var_platform_machine'====== Args={'value': 'AMD64', 'prev_value': None, 'change': True}
2026-01-30 20:37:32,894 : INFO : EventManager : Event: ======'machine_var_log_file_path'====== Args={'value': 'C:\\users\\pinball\\documents\\sonic\\logs\\2026-01-30-20-37-32-mpf-DESKTOP-HKGT699.log', 'prev_value': None, 'change': True}
2026-01-30 20:37:32,894 : INFO : EventManager : Event: ======'init_phase_1'====== Args={}
2026-01-30 20:37:32,902 : INFO : EventManager : Event: ======'init_phase_2'====== Args={}
2026-01-30 20:37:32,902 : INFO : EventManager : Event: ======'bcp_connection_attempt'====== Args={'name': 'local_display', 'host': 'localhost', 'port': 5050}
2026-01-30 20:37:32,903 : INFO : BCPClientSocket : Connecting BCP to 'local_display' at localhost:5050...
2026-01-30 20:37:32,909 : INFO : BCPClientSocket : Connected BCP to 'local_display' localhost:5050
2026-01-30 20:37:32,909 : INFO : EventManager : Event: ======'bcp_clients_connected'====== Args={}
2026-01-30 20:37:32,914 : INFO : EventManager : Event: ======'init_phase_3'====== Args={}
2026-01-30 20:37:32,916 : INFO : EventManager : Event: ======'init_phase_4'====== Args={}
2026-01-30 20:37:32,916 : INFO : EventManager : Event: ======'machine_var_audits_events_game_started'====== Args={'value': 0, 'prev_value': None, 'change': True}
2026-01-30 20:37:32,916 : INFO : EventManager : Event: ======'machine_var_audits_events_game_ended'====== Args={'value': 0, 'prev_value': None, 'change': True}
2026-01-30 20:37:32,916 : INFO : EventManager : Event: ======'machine_var_audits_player_score'====== Args={'value': {'top': [], 'average': 0, 'total': 0}, 'prev_value': None, 'change': True}
2026-01-30 20:37:32,917 : INFO : EventManager : Event: ======'init_phase_5'====== Args={}
2026-01-30 20:37:32,917 : INFO : EventManager : Event: ======'init_done'====== Args={}
2026-01-30 20:37:32,917 : INFO : EventManager : Event: ======'machine_reset_phase_1'====== Args={}
2026-01-30 20:37:32,920 : INFO : EventManager : Event: ======'machine_reset_phase_2'====== Args={}
2026-01-30 20:37:32,920 : INFO : EventManager : Event: ======'machine_reset_phase_3'====== Args={}
2026-01-30 20:37:32,920 : INFO : EventManager : Event: ======'reset_complete'====== Args={}
2026-01-30 20:37:32,920 : INFO : EventManager : Event: ======'mode_attract_will_start'====== Args={}
2026-01-30 20:37:32,921 : INFO : EventManager : Event: ======'mode_attract_starting'====== Args={}
2026-01-30 20:37:32,921 : INFO : Mode.attract : Started. Priority: 10
2026-01-30 20:37:32,921 : INFO : EventManager : Event: ======'modes_active_modes_changed'====== Args={}
2026-01-30 20:37:32,921 : INFO : EventManager : Event: ======'mode_attract_started'====== Args={}
2026-01-30 20:37:32,921 : INFO : EventManager : Event: ======'collecting_balls_complete'====== Args={}
2026-01-30 20:37:32,922 : INFO : Machine : Starting the main run loop with active modes: [<Mode.attract>]
2026-01-30 20:37:32,947 : INFO : EventManager : Event: ======'slide_attract_created'====== Args={'_from_bcp': True}
2026-01-30 20:37:32,947 : INFO : EventManager : Event: ======'slide__removed'====== Args={'_from_bcp': True}
2026-01-30 20:37:32,948 : INFO : EventManager : Event: ======'slide_attract_active'====== Args={'original_context': 'attract', 'original_calling_context': 'mode_attract_started', 'priority': 10.0, 'cmd': 'slides_play', '_from_bcp': True}
2026-01-30 20:37:46,953 : INFO : Machine : Shutting down...
2026-01-30 20:37:46,954 : INFO : EventManager : Event: ======'shutdown'====== Args={}
2026-01-30 20:37:46,958 : INFO : root : MPF run loop ended.
