2026-01-31 10:24:42,260 : INFO : root : Loading config.
2026-01-31 10:24:42,264 : INFO : YamlMultifileConfigLoader : Machine config file #1: config.yaml
2026-01-31 10:24:42,264 : INFO : ConfigProcessor : Loading config from cache: C:\Users\PINBALL\AppData\Local\Temp\85068ee8e1fc4fe607084c3a18fa8a28.mpf_cache
2026-01-31 10:24:42,320 : WARNING : ConfigProcessor : Config file in cache changed: C:\users\pinball\documents\sonic\modes\attract\config\attract.yaml
2026-01-31 10:24:42,320 : INFO : ConfigProcessor : Loading config from file C:\mpf\Lib\site-packages\mpf\modes\attract\config\attract.yaml.
2026-01-31 10:24:42,321 : INFO : ConfigProcessor : Loading config: C:\mpf\Lib\site-packages\mpf\modes\attract\config\attract.yaml
2026-01-31 10:24:42,321 : INFO : ConfigProcessor : Loading config from file C:\users\pinball\documents\sonic\modes\attract\config\attract.yaml.
2026-01-31 10:24:42,324 : INFO : ConfigProcessor : Loading config: C:\users\pinball\documents\sonic\modes\attract\config\attract.yaml
2026-01-31 10:24:42,324 : INFO : ConfigProcessor : Config file cache created: C:\Users\PINBALL\AppData\Local\Temp\18eff4bb2db2c1f230cdef763eb53857.mpf_cache
2026-01-31 10:24:42,324 : INFO : ConfigProcessor : Loading config from cache: C:\Users\PINBALL\AppData\Local\Temp\af6ad0dab2f43bd9cbdac83e0b2786ac.mpf_cache
2026-01-31 10:24:42,325 : INFO : ConfigProcessor : Loading config from cache: C:\Users\PINBALL\AppData\Local\Temp\18eff4bb2db2c1f230cdef763eb53857.mpf_cache
2026-01-31 10:24:42,326 : INFO : ConfigProcessor : Loading config from cache: C:\Users\PINBALL\AppData\Local\Temp\ee4ab88e33db079c6b0f3117544f246a.mpf_cache
2026-01-31 10:24:42,326 : INFO : Machine : Mission Pinball Framework Core Engine v0.80.0.dev12
2026-01-31 10:24:42,326 : INFO : Machine : Command line arguments: {'no_load_cache': False, 'create_config_cache': True, 'bcp': True, 'configfile': ['config.yaml'], 'force_assets_load': False, 'platform_integration_test': False, 'jsonlogging': False, 'logfile': 'logs\\2026-01-31-10-24-42-mpf-DESKTOP-HKGT699.log', 'pause': False, 'production': False, 'text_ui': False, 'loglevel': 15, 'consoleloglevel': 20, 'force_platform': 'virtual', 'syslog_address': None, 'full_logfile_path': 'C:\\users\\pinball\\documents\\sonic\\logs\\2026-01-31-10-24-42-mpf-DESKTOP-HKGT699.log'}
2026-01-31 10:24:42,326 : INFO : Machine : MPF path: C:\mpf\Lib\site-packages\mpf
2026-01-31 10:24:42,326 : INFO : Machine : Machine path: C:\users\pinball\documents\sonic
2026-01-31 10:24:42,326 : INFO : Machine : Platform: win32
2026-01-31 10:24:42,326 : INFO : Machine : Python executable location: C:\mpf\Scripts\python.exe
2026-01-31 10:24:42,326 : INFO : Machine : Python version: 3.13.11 (64-bit)
2026-01-31 10:24:42,328 : INFO : Machine : Initializing MPF...
2026-01-31 10:24:42,386 : INFO : EventManager : Event: ======'machine_var_credits_string'====== Args={'value': 'FREE PLAY', 'prev_value': None, 'change': True}
2026-01-31 10:24:42,399 : INFO : EventManager : Event: ======'machine_var_master_volume'====== Args={'value': 0.5, 'prev_value': None, 'change': True}
2026-01-31 10:24:42,400 : INFO : EventManager : Event: ======'machine_var_mpf_version'====== Args={'value': 'Mission Pinball Framework v0.80.0.dev12', 'prev_value': None, 'change': True}
2026-01-31 10:24:42,400 : INFO : EventManager : Event: ======'machine_var_mpf_extended_version'====== Args={'value': 'Mission Pinball Framework v0.80.0.dev12, Config version:6, Show version: 6, BCP version:1.1', 'prev_value': None, 'change': True}
2026-01-31 10:24:42,400 : INFO : EventManager : Event: ======'machine_var_python_version'====== Args={'value': '3.13.11', 'prev_value': None, 'change': True}
2026-01-31 10:24:42,457 : INFO : EventManager : Event: ======'machine_var_platform'====== Args={'value': 'Windows-11-10.0.26200-SP0', 'prev_value': None, 'change': True}
2026-01-31 10:24:42,458 : INFO : EventManager : Event: ======'machine_var_platform_system'====== Args={'value': 'Windows', 'prev_value': None, 'change': True}
2026-01-31 10:24:42,458 : INFO : EventManager : Event: ======'machine_var_platform_release'====== Args={'value': '11', 'prev_value': None, 'change': True}
2026-01-31 10:24:42,458 : INFO : EventManager : Event: ======'machine_var_platform_version'====== Args={'value': '10.0.26200', 'prev_value': None, 'change': True}
2026-01-31 10:24:42,458 : INFO : EventManager : Event: ======'machine_var_platform_machine'====== Args={'value': 'AMD64', 'prev_value': None, 'change': True}
2026-01-31 10:24:42,458 : INFO : EventManager : Event: ======'machine_var_log_file_path'====== Args={'value': 'C:\\users\\pinball\\documents\\sonic\\logs\\2026-01-31-10-24-42-mpf-DESKTOP-HKGT699.log', 'prev_value': None, 'change': True}
2026-01-31 10:24:42,458 : INFO : EventManager : Event: ======'init_phase_1'====== Args={}
2026-01-31 10:24:42,467 : INFO : EventManager : Event: ======'init_phase_2'====== Args={}
2026-01-31 10:24:42,468 : INFO : EventManager : Event: ======'bcp_connection_attempt'====== Args={'name': 'local_display', 'host': 'localhost', 'port': 5050}
2026-01-31 10:24:42,469 : INFO : BCPClientSocket : Connecting BCP to 'local_display' at localhost:5050...
2026-01-31 10:24:42,474 : INFO : BCPClientSocket : Connected BCP to 'local_display' localhost:5050
2026-01-31 10:24:42,475 : INFO : EventManager : Event: ======'bcp_clients_connected'====== Args={}
2026-01-31 10:24:42,475 : INFO : ball_device.bd_plunger : BCH: Initial count: 0
2026-01-31 10:24:42,475 : INFO : ball_device.bd_plunger : State: idle
2026-01-31 10:24:42,475 : INFO : ball_device.bd_trough : BCH: Initial count: 0
2026-01-31 10:24:42,475 : INFO : ball_device.bd_trough : State: idle
2026-01-31 10:24:42,480 : INFO : EventManager : Event: ======'init_phase_3'====== Args={}
2026-01-31 10:24:42,481 : INFO : EventManager : Event: ======'init_phase_4'====== Args={}
2026-01-31 10:24:42,481 : INFO : BallController : Initial balls found: 0
2026-01-31 10:24:42,482 : INFO : EventManager : Event: ======'machine_var_audits_switches_s_flipper_right'====== Args={'value': 0, 'prev_value': None, 'change': True}
2026-01-31 10:24:42,482 : INFO : EventManager : Event: ======'machine_var_audits_switches_s_trough_2'====== Args={'value': 0, 'prev_value': None, 'change': True}
2026-01-31 10:24:42,482 : INFO : EventManager : Event: ======'machine_var_audits_switches_s_plunger_lane'====== Args={'value': 0, 'prev_value': None, 'change': True}
2026-01-31 10:24:42,482 : INFO : EventManager : Event: ======'machine_var_audits_switches_s_flipper_left'====== Args={'value': 0, 'prev_value': None, 'change': True}
2026-01-31 10:24:42,482 : INFO : EventManager : Event: ======'machine_var_audits_switches_s_trough_3'====== Args={'value': 0, 'prev_value': None, 'change': True}
2026-01-31 10:24:42,482 : INFO : EventManager : Event: ======'machine_var_audits_switches_s_trough_1'====== Args={'value': 0, 'prev_value': None, 'change': True}
2026-01-31 10:24:42,482 : INFO : EventManager : Event: ======'machine_var_audits_events_game_started'====== Args={'value': 0, 'prev_value': None, 'change': True}
2026-01-31 10:24:42,482 : INFO : EventManager : Event: ======'machine_var_audits_events_game_ended'====== Args={'value': 0, 'prev_value': None, 'change': True}
2026-01-31 10:24:42,482 : INFO : EventManager : Event: ======'machine_var_audits_player_score'====== Args={'value': {'top': [], 'average': 0, 'total': 0}, 'prev_value': None, 'change': True}
2026-01-31 10:24:42,482 : INFO : EventManager : Event: ======'init_phase_5'====== Args={}
2026-01-31 10:24:42,482 : INFO : EventManager : Event: ======'init_done'====== Args={}
2026-01-31 10:24:42,482 : INFO : EventManager : Event: ======'machine_reset_phase_1'====== Args={}
2026-01-31 10:24:42,490 : INFO : EventManager : Event: ======'machine_reset_phase_2'====== Args={}
2026-01-31 10:24:42,490 : INFO : EventManager : Event: ======'machine_reset_phase_3'====== Args={}
2026-01-31 10:24:42,490 : INFO : EventManager : Event: ======'reset_complete'====== Args={}
2026-01-31 10:24:42,490 : INFO : EventManager : Event: ======'mode_attract_will_start'====== Args={}
2026-01-31 10:24:42,491 : INFO : EventManager : Event: ======'mode_attract_starting'====== Args={}
2026-01-31 10:24:42,491 : INFO : Mode.attract : Started. Priority: 10
2026-01-31 10:24:42,491 : INFO : EventManager : Event: ======'modes_active_modes_changed'====== Args={}
2026-01-31 10:24:42,491 : INFO : EventManager : Event: ======'mode_attract_started'====== Args={}
2026-01-31 10:24:42,491 : INFO : EventManager : Event: ======'collecting_balls_complete'====== Args={}
2026-01-31 10:24:42,491 : INFO : EventManager : Event: ======'carousel_item_highlighted'====== Args={'carousel': 'attract', 'direction': None, 'item': 'title'}
2026-01-31 10:24:42,492 : INFO : Machine : Starting the main run loop with active modes: [<Mode.attract>]
2026-01-31 10:24:42,520 : INFO : EventManager : Event: ======'slide_attract_created'====== Args={'_from_bcp': True}
2026-01-31 10:24:42,521 : INFO : EventManager : Event: ======'slide__removed'====== Args={'_from_bcp': True}
2026-01-31 10:24:42,521 : INFO : EventManager : Event: ======'slide_attract_active'====== Args={'original_context': 'attract', 'original_calling_context': 'mode_attract_started', 'priority': 10.0, 'cmd': 'slides_play', '_from_bcp': True}
2026-01-31 10:24:45,916 : INFO : SwitchController : <<<<<<< 's_flipper_left' active >>>>>>>
2026-01-31 10:24:45,917 : INFO : EventManager : Event: ======'s_flipper_left_active'====== Args={}
2026-01-31 10:24:45,917 : INFO : EventManager : Event: ======'carousel_item_highlighted'====== Args={'carousel': 'attract', 'direction': 'backwards', 'item': 'mpf_logo'}
2026-01-31 10:24:46,016 : INFO : SwitchController : <<<<<<< 's_flipper_left' inactive >>>>>>>
2026-01-31 10:24:46,466 : INFO : SwitchController : <<<<<<< 's_flipper_left' active >>>>>>>
2026-01-31 10:24:46,466 : INFO : EventManager : Event: ======'s_flipper_left_active'====== Args={}
2026-01-31 10:24:46,467 : INFO : EventManager : Event: ======'carousel_item_highlighted'====== Args={'carousel': 'attract', 'direction': 'backwards', 'item': 'credits'}
2026-01-31 10:24:46,549 : INFO : SwitchController : <<<<<<< 's_flipper_left' inactive >>>>>>>
2026-01-31 10:25:08,601 : INFO : SwitchController : <<<<<<< 's_flipper_left' active >>>>>>>
2026-01-31 10:25:08,602 : INFO : EventManager : Event: ======'s_flipper_left_active'====== Args={}
2026-01-31 10:25:08,602 : INFO : EventManager : Event: ======'carousel_item_highlighted'====== Args={'carousel': 'attract', 'direction': 'backwards', 'item': 'title'}
2026-01-31 10:25:08,701 : INFO : SwitchController : <<<<<<< 's_flipper_left' inactive >>>>>>>
2026-01-31 10:25:09,418 : INFO : SwitchController : <<<<<<< 's_flipper_left' active >>>>>>>
2026-01-31 10:25:09,419 : INFO : EventManager : Event: ======'s_flipper_left_active'====== Args={}
2026-01-31 10:25:09,419 : INFO : EventManager : Event: ======'carousel_item_highlighted'====== Args={'carousel': 'attract', 'direction': 'backwards', 'item': 'mpf_logo'}
2026-01-31 10:25:09,518 : INFO : SwitchController : <<<<<<< 's_flipper_left' inactive >>>>>>>
2026-01-31 10:25:10,569 : INFO : SwitchController : <<<<<<< 's_flipper_left' active >>>>>>>
2026-01-31 10:25:10,570 : INFO : EventManager : Event: ======'s_flipper_left_active'====== Args={}
2026-01-31 10:25:10,570 : INFO : EventManager : Event: ======'carousel_item_highlighted'====== Args={'carousel': 'attract', 'direction': 'backwards', 'item': 'credits'}
2026-01-31 10:25:10,703 : INFO : SwitchController : <<<<<<< 's_flipper_left' inactive >>>>>>>
2026-01-31 10:25:11,387 : INFO : SwitchController : <<<<<<< 's_flipper_left' active >>>>>>>
2026-01-31 10:25:11,387 : INFO : EventManager : Event: ======'s_flipper_left_active'====== Args={}
2026-01-31 10:25:11,387 : INFO : EventManager : Event: ======'carousel_item_highlighted'====== Args={'carousel': 'attract', 'direction': 'backwards', 'item': 'title'}
2026-01-31 10:25:11,504 : INFO : SwitchController : <<<<<<< 's_flipper_left' inactive >>>>>>>
2026-01-31 10:25:12,605 : INFO : SwitchController : <<<<<<< 's_flipper_left' active >>>>>>>
2026-01-31 10:25:12,605 : INFO : EventManager : Event: ======'s_flipper_left_active'====== Args={}
2026-01-31 10:25:12,605 : INFO : EventManager : Event: ======'carousel_item_highlighted'====== Args={'carousel': 'attract', 'direction': 'backwards', 'item': 'mpf_logo'}
2026-01-31 10:25:12,738 : INFO : SwitchController : <<<<<<< 's_flipper_left' inactive >>>>>>>
2026-01-31 10:25:13,672 : INFO : SwitchController : <<<<<<< 's_flipper_left' active >>>>>>>
2026-01-31 10:25:13,672 : INFO : EventManager : Event: ======'s_flipper_left_active'====== Args={}
2026-01-31 10:25:13,672 : INFO : EventManager : Event: ======'carousel_item_highlighted'====== Args={'carousel': 'attract', 'direction': 'backwards', 'item': 'credits'}
2026-01-31 10:25:13,772 : INFO : SwitchController : <<<<<<< 's_flipper_left' inactive >>>>>>>
2026-01-31 10:25:21,942 : INFO : Machine : Shutting down...
2026-01-31 10:25:21,942 : INFO : EventManager : Event: ======'shutdown'====== Args={}
2026-01-31 10:25:21,946 : INFO : root : MPF run loop ended.
