2026-01-31 10:12:50,339 : INFO : root : Loading config.
2026-01-31 10:12:50,348 : INFO : YamlMultifileConfigLoader : Machine config file #1: config.yaml
2026-01-31 10:12:50,349 : INFO : ConfigProcessor : Loading config from cache: C:\Users\PINBALL\AppData\Local\Temp\85068ee8e1fc4fe607084c3a18fa8a28.mpf_cache
2026-01-31 10:12:50,415 : WARNING : ConfigProcessor : Config file in cache changed: C:\users\pinball\documents\sonic\modes\attract\config\attract.yaml
2026-01-31 10:12:50,415 : INFO : ConfigProcessor : Loading config from file C:\mpf\Lib\site-packages\mpf\modes\attract\config\attract.yaml.
2026-01-31 10:12:50,424 : INFO : ConfigProcessor : Loading config: C:\mpf\Lib\site-packages\mpf\modes\attract\config\attract.yaml
2026-01-31 10:12:50,424 : INFO : ConfigProcessor : Loading config from file C:\users\pinball\documents\sonic\modes\attract\config\attract.yaml.
2026-01-31 10:12:50,434 : INFO : ConfigProcessor : Loading config: C:\users\pinball\documents\sonic\modes\attract\config\attract.yaml
2026-01-31 10:12:50,435 : INFO : ConfigProcessor : Config file cache created: C:\Users\PINBALL\AppData\Local\Temp\18eff4bb2db2c1f230cdef763eb53857.mpf_cache
2026-01-31 10:12:50,436 : INFO : ConfigProcessor : Loading config from cache: C:\Users\PINBALL\AppData\Local\Temp\af6ad0dab2f43bd9cbdac83e0b2786ac.mpf_cache
2026-01-31 10:12:50,443 : INFO : ConfigProcessor : Loading config from cache: C:\Users\PINBALL\AppData\Local\Temp\18eff4bb2db2c1f230cdef763eb53857.mpf_cache
2026-01-31 10:12:50,449 : INFO : ConfigProcessor : Loading config from cache: C:\Users\PINBALL\AppData\Local\Temp\ee4ab88e33db079c6b0f3117544f246a.mpf_cache
2026-01-31 10:12:50,461 : INFO : Machine : Mission Pinball Framework Core Engine v0.80.0.dev12
2026-01-31 10:12:50,461 : INFO : Machine : Command line arguments: {'no_load_cache': False, 'create_config_cache': True, 'bcp': True, 'configfile': ['config.yaml'], 'force_assets_load': False, 'platform_integration_test': False, 'jsonlogging': False, 'logfile': 'logs\\2026-01-31-10-12-50-mpf-DESKTOP-HKGT699.log', 'pause': False, 'production': False, 'text_ui': False, 'loglevel': 15, 'consoleloglevel': 20, 'force_platform': 'virtual', 'syslog_address': None, 'full_logfile_path': 'C:\\users\\pinball\\documents\\sonic\\logs\\2026-01-31-10-12-50-mpf-DESKTOP-HKGT699.log'}
2026-01-31 10:12:50,461 : INFO : Machine : MPF path: C:\mpf\Lib\site-packages\mpf
2026-01-31 10:12:50,461 : INFO : Machine : Machine path: C:\users\pinball\documents\sonic
2026-01-31 10:12:50,461 : INFO : Machine : Platform: win32
2026-01-31 10:12:50,461 : INFO : Machine : Python executable location: C:\mpf\Scripts\python.exe
2026-01-31 10:12:50,461 : INFO : Machine : Python version: 3.13.11 (64-bit)
2026-01-31 10:12:50,463 : INFO : Machine : Initializing MPF...
2026-01-31 10:12:50,685 : INFO : EventManager : Event: ======'machine_var_credits_string'====== Args={'value': 'FREE PLAY', 'prev_value': None, 'change': True}
2026-01-31 10:12:50,699 : INFO : EventManager : Event: ======'machine_var_master_volume'====== Args={'value': 0.5, 'prev_value': None, 'change': True}
2026-01-31 10:12:50,699 : INFO : EventManager : Event: ======'machine_var_mpf_version'====== Args={'value': 'Mission Pinball Framework v0.80.0.dev12', 'prev_value': None, 'change': True}
2026-01-31 10:12:50,699 : INFO : EventManager : Event: ======'machine_var_mpf_extended_version'====== Args={'value': 'Mission Pinball Framework v0.80.0.dev12, Config version:6, Show version: 6, BCP version:1.1', 'prev_value': None, 'change': True}
2026-01-31 10:12:50,699 : INFO : EventManager : Event: ======'machine_var_python_version'====== Args={'value': '3.13.11', 'prev_value': None, 'change': True}
2026-01-31 10:12:50,759 : INFO : EventManager : Event: ======'machine_var_platform'====== Args={'value': 'Windows-11-10.0.26200-SP0', 'prev_value': None, 'change': True}
2026-01-31 10:12:50,759 : INFO : EventManager : Event: ======'machine_var_platform_system'====== Args={'value': 'Windows', 'prev_value': None, 'change': True}
2026-01-31 10:12:50,759 : INFO : EventManager : Event: ======'machine_var_platform_release'====== Args={'value': '11', 'prev_value': None, 'change': True}
2026-01-31 10:12:50,759 : INFO : EventManager : Event: ======'machine_var_platform_version'====== Args={'value': '10.0.26200', 'prev_value': None, 'change': True}
2026-01-31 10:12:50,759 : INFO : EventManager : Event: ======'machine_var_platform_machine'====== Args={'value': 'AMD64', 'prev_value': None, 'change': True}
2026-01-31 10:12:50,759 : INFO : EventManager : Event: ======'machine_var_log_file_path'====== Args={'value': 'C:\\users\\pinball\\documents\\sonic\\logs\\2026-01-31-10-12-50-mpf-DESKTOP-HKGT699.log', 'prev_value': None, 'change': True}
2026-01-31 10:12:50,759 : INFO : EventManager : Event: ======'init_phase_1'====== Args={}
2026-01-31 10:12:50,769 : INFO : EventManager : Event: ======'init_phase_2'====== Args={}
2026-01-31 10:12:50,770 : INFO : EventManager : Event: ======'bcp_connection_attempt'====== Args={'name': 'local_display', 'host': 'localhost', 'port': 5050}
2026-01-31 10:12:50,771 : INFO : BCPClientSocket : Connecting BCP to 'local_display' at localhost:5050...
2026-01-31 10:12:50,778 : INFO : BCPClientSocket : Connected BCP to 'local_display' localhost:5050
2026-01-31 10:12:50,778 : INFO : EventManager : Event: ======'bcp_clients_connected'====== Args={}
2026-01-31 10:12:50,778 : INFO : ball_device.bd_plunger : BCH: Initial count: 0
2026-01-31 10:12:50,778 : INFO : ball_device.bd_plunger : State: idle
2026-01-31 10:12:50,779 : INFO : ball_device.bd_trough : BCH: Initial count: 0
2026-01-31 10:12:50,779 : INFO : ball_device.bd_trough : State: idle
2026-01-31 10:12:50,782 : INFO : EventManager : Event: ======'init_phase_3'====== Args={}
2026-01-31 10:12:50,783 : INFO : EventManager : Event: ======'init_phase_4'====== Args={}
2026-01-31 10:12:50,783 : INFO : BallController : Initial balls found: 0
2026-01-31 10:12:50,784 : INFO : EventManager : Event: ======'machine_var_audits_switches_s_trough_1'====== Args={'value': 0, 'prev_value': None, 'change': True}
2026-01-31 10:12:50,784 : INFO : EventManager : Event: ======'machine_var_audits_switches_s_trough_2'====== Args={'value': 0, 'prev_value': None, 'change': True}
2026-01-31 10:12:50,784 : INFO : EventManager : Event: ======'machine_var_audits_switches_s_flipper_left'====== Args={'value': 0, 'prev_value': None, 'change': True}
2026-01-31 10:12:50,784 : INFO : EventManager : Event: ======'machine_var_audits_switches_s_flipper_right'====== Args={'value': 0, 'prev_value': None, 'change': True}
2026-01-31 10:12:50,784 : INFO : EventManager : Event: ======'machine_var_audits_switches_s_plunger_lane'====== Args={'value': 0, 'prev_value': None, 'change': True}
2026-01-31 10:12:50,784 : INFO : EventManager : Event: ======'machine_var_audits_switches_s_trough_3'====== Args={'value': 0, 'prev_value': None, 'change': True}
2026-01-31 10:12:50,784 : INFO : EventManager : Event: ======'machine_var_audits_events_game_started'====== Args={'value': 0, 'prev_value': None, 'change': True}
2026-01-31 10:12:50,784 : INFO : EventManager : Event: ======'machine_var_audits_events_game_ended'====== Args={'value': 0, 'prev_value': None, 'change': True}
2026-01-31 10:12:50,784 : INFO : EventManager : Event: ======'machine_var_audits_player_score'====== Args={'value': {'top': [], 'average': 0, 'total': 0}, 'prev_value': None, 'change': True}
2026-01-31 10:12:50,784 : INFO : EventManager : Event: ======'init_phase_5'====== Args={}
2026-01-31 10:12:50,784 : INFO : EventManager : Event: ======'init_done'====== Args={}
2026-01-31 10:12:50,784 : INFO : EventManager : Event: ======'machine_reset_phase_1'====== Args={}
2026-01-31 10:12:50,824 : INFO : EventManager : Event: ======'machine_reset_phase_2'====== Args={}
2026-01-31 10:12:50,824 : INFO : EventManager : Event: ======'machine_reset_phase_3'====== Args={}
2026-01-31 10:12:50,824 : INFO : EventManager : Event: ======'reset_complete'====== Args={}
2026-01-31 10:12:50,824 : INFO : EventManager : Event: ======'mode_attract_will_start'====== Args={}
2026-01-31 10:12:50,825 : INFO : EventManager : Event: ======'mode_attract_starting'====== Args={}
2026-01-31 10:12:50,825 : INFO : Mode.attract : Started. Priority: 10
2026-01-31 10:12:50,825 : INFO : EventManager : Event: ======'modes_active_modes_changed'====== Args={}
2026-01-31 10:12:50,825 : INFO : EventManager : Event: ======'mode_attract_started'====== Args={}
2026-01-31 10:12:50,825 : INFO : EventManager : Event: ======'collecting_balls_complete'====== Args={}
2026-01-31 10:12:50,825 : INFO : EventManager : Event: ======'carousel_item_highlighted'====== Args={'carousel': 'attract', 'direction': None, 'item': 'title'}
2026-01-31 10:12:50,826 : INFO : Machine : Starting the main run loop with active modes: [<Mode.attract>]
2026-01-31 10:12:50,877 : INFO : EventManager : Event: ======'slide_attract_created'====== Args={'_from_bcp': True}
2026-01-31 10:12:50,877 : INFO : EventManager : Event: ======'slide__removed'====== Args={'_from_bcp': True}
2026-01-31 10:12:50,878 : INFO : EventManager : Event: ======'slide_attract_active'====== Args={'original_context': 'attract', 'original_calling_context': 'mode_attract_started', 'priority': 10.0, 'cmd': 'slides_play', '_from_bcp': True}
2026-01-31 10:17:47,736 : INFO : SwitchController : <<<<<<< 's_flipper_left' active >>>>>>>
2026-01-31 10:17:47,736 : INFO : EventManager : Event: ======'s_flipper_left_active'====== Args={}
2026-01-31 10:17:47,736 : INFO : EventManager : Event: ======'carousel_item_highlighted'====== Args={'carousel': 'attract', 'direction': 'backwards', 'item': 'mpf_logo'}
2026-01-31 10:17:47,902 : INFO : SwitchController : <<<<<<< 's_flipper_left' inactive >>>>>>>
2026-01-31 10:17:49,703 : INFO : SwitchController : <<<<<<< 's_flipper_left' active >>>>>>>
2026-01-31 10:17:49,703 : INFO : EventManager : Event: ======'s_flipper_left_active'====== Args={}
2026-01-31 10:17:49,704 : INFO : EventManager : Event: ======'carousel_item_highlighted'====== Args={'carousel': 'attract', 'direction': 'backwards', 'item': 'credits'}
2026-01-31 10:17:49,837 : INFO : SwitchController : <<<<<<< 's_flipper_left' inactive >>>>>>>
2026-01-31 10:17:51,071 : INFO : SwitchController : <<<<<<< 's_flipper_left' active >>>>>>>
2026-01-31 10:17:51,071 : INFO : EventManager : Event: ======'s_flipper_left_active'====== Args={}
2026-01-31 10:17:51,071 : INFO : EventManager : Event: ======'carousel_item_highlighted'====== Args={'carousel': 'attract', 'direction': 'backwards', 'item': 'title'}
2026-01-31 10:17:51,188 : INFO : SwitchController : <<<<<<< 's_flipper_left' inactive >>>>>>>
2026-01-31 10:17:51,905 : INFO : SwitchController : <<<<<<< 's_flipper_left' active >>>>>>>
2026-01-31 10:17:51,905 : INFO : EventManager : Event: ======'s_flipper_left_active'====== Args={}
2026-01-31 10:17:51,906 : INFO : EventManager : Event: ======'carousel_item_highlighted'====== Args={'carousel': 'attract', 'direction': 'backwards', 'item': 'mpf_logo'}
2026-01-31 10:17:52,022 : INFO : SwitchController : <<<<<<< 's_flipper_left' inactive >>>>>>>
2026-01-31 10:17:52,539 : INFO : SwitchController : <<<<<<< 's_flipper_left' active >>>>>>>
2026-01-31 10:17:52,539 : INFO : EventManager : Event: ======'s_flipper_left_active'====== Args={}
2026-01-31 10:17:52,539 : INFO : EventManager : Event: ======'carousel_item_highlighted'====== Args={'carousel': 'attract', 'direction': 'backwards', 'item': 'credits'}
2026-01-31 10:17:52,655 : INFO : SwitchController : <<<<<<< 's_flipper_left' inactive >>>>>>>
2026-01-31 10:17:53,606 : INFO : SwitchController : <<<<<<< 's_flipper_left' active >>>>>>>
2026-01-31 10:17:53,607 : INFO : EventManager : Event: ======'s_flipper_left_active'====== Args={}
2026-01-31 10:17:53,607 : INFO : EventManager : Event: ======'carousel_item_highlighted'====== Args={'carousel': 'attract', 'direction': 'backwards', 'item': 'title'}
2026-01-31 10:17:53,723 : INFO : SwitchController : <<<<<<< 's_flipper_left' inactive >>>>>>>
2026-01-31 10:17:54,207 : INFO : SwitchController : <<<<<<< 's_flipper_left' active >>>>>>>
2026-01-31 10:17:54,207 : INFO : EventManager : Event: ======'s_flipper_left_active'====== Args={}
2026-01-31 10:17:54,207 : INFO : EventManager : Event: ======'carousel_item_highlighted'====== Args={'carousel': 'attract', 'direction': 'backwards', 'item': 'mpf_logo'}
2026-01-31 10:17:54,324 : INFO : SwitchController : <<<<<<< 's_flipper_left' inactive >>>>>>>
2026-01-31 10:17:54,808 : INFO : SwitchController : <<<<<<< 's_flipper_left' active >>>>>>>
2026-01-31 10:17:54,808 : INFO : EventManager : Event: ======'s_flipper_left_active'====== Args={}
2026-01-31 10:17:54,808 : INFO : EventManager : Event: ======'carousel_item_highlighted'====== Args={'carousel': 'attract', 'direction': 'backwards', 'item': 'credits'}
2026-01-31 10:17:54,924 : INFO : SwitchController : <<<<<<< 's_flipper_left' inactive >>>>>>>
2026-01-31 10:17:57,093 : INFO : SwitchController : <<<<<<< 's_flipper_left' active >>>>>>>
2026-01-31 10:17:57,093 : INFO : EventManager : Event: ======'s_flipper_left_active'====== Args={}
2026-01-31 10:17:57,093 : INFO : EventManager : Event: ======'carousel_item_highlighted'====== Args={'carousel': 'attract', 'direction': 'backwards', 'item': 'title'}
2026-01-31 10:17:57,193 : INFO : SwitchController : <<<<<<< 's_flipper_left' inactive >>>>>>>
2026-01-31 10:17:57,977 : INFO : SwitchController : <<<<<<< 's_flipper_left' active >>>>>>>
2026-01-31 10:17:57,977 : INFO : EventManager : Event: ======'s_flipper_left_active'====== Args={}
2026-01-31 10:17:57,977 : INFO : EventManager : Event: ======'carousel_item_highlighted'====== Args={'carousel': 'attract', 'direction': 'backwards', 'item': 'mpf_logo'}
2026-01-31 10:17:58,077 : INFO : SwitchController : <<<<<<< 's_flipper_left' inactive >>>>>>>
2026-01-31 10:18:00,679 : INFO : SwitchController : <<<<<<< 's_flipper_left' active >>>>>>>
2026-01-31 10:18:00,679 : INFO : EventManager : Event: ======'s_flipper_left_active'====== Args={}
2026-01-31 10:18:00,679 : INFO : EventManager : Event: ======'carousel_item_highlighted'====== Args={'carousel': 'attract', 'direction': 'backwards', 'item': 'credits'}
2026-01-31 10:18:00,779 : INFO : SwitchController : <<<<<<< 's_flipper_left' inactive >>>>>>>
2026-01-31 10:18:01,547 : INFO : SwitchController : <<<<<<< 's_flipper_left' active >>>>>>>
2026-01-31 10:18:01,547 : INFO : EventManager : Event: ======'s_flipper_left_active'====== Args={}
2026-01-31 10:18:01,547 : INFO : EventManager : Event: ======'carousel_item_highlighted'====== Args={'carousel': 'attract', 'direction': 'backwards', 'item': 'title'}
2026-01-31 10:18:01,646 : INFO : SwitchController : <<<<<<< 's_flipper_left' inactive >>>>>>>
2026-01-31 10:19:01,479 : INFO : SwitchController : <<<<<<< 's_flipper_left' active >>>>>>>
2026-01-31 10:19:01,480 : INFO : EventManager : Event: ======'s_flipper_left_active'====== Args={}
2026-01-31 10:19:01,480 : INFO : EventManager : Event: ======'carousel_item_highlighted'====== Args={'carousel': 'attract', 'direction': 'backwards', 'item': 'mpf_logo'}
2026-01-31 10:19:01,580 : INFO : SwitchController : <<<<<<< 's_flipper_left' inactive >>>>>>>
2026-01-31 10:19:02,047 : INFO : SwitchController : <<<<<<< 's_flipper_left' active >>>>>>>
2026-01-31 10:19:02,047 : INFO : EventManager : Event: ======'s_flipper_left_active'====== Args={}
2026-01-31 10:19:02,047 : INFO : EventManager : Event: ======'carousel_item_highlighted'====== Args={'carousel': 'attract', 'direction': 'backwards', 'item': 'credits'}
2026-01-31 10:19:02,113 : INFO : SwitchController : <<<<<<< 's_flipper_left' inactive >>>>>>>
2026-01-31 10:19:02,630 : INFO : SwitchController : <<<<<<< 's_flipper_left' active >>>>>>>
2026-01-31 10:19:02,631 : INFO : EventManager : Event: ======'s_flipper_left_active'====== Args={}
2026-01-31 10:19:02,631 : INFO : EventManager : Event: ======'carousel_item_highlighted'====== Args={'carousel': 'attract', 'direction': 'backwards', 'item': 'title'}
2026-01-31 10:19:02,747 : INFO : SwitchController : <<<<<<< 's_flipper_left' inactive >>>>>>>
2026-01-31 10:19:03,431 : INFO : SwitchController : <<<<<<< 's_flipper_left' active >>>>>>>
2026-01-31 10:19:03,432 : INFO : EventManager : Event: ======'s_flipper_left_active'====== Args={}
2026-01-31 10:19:03,432 : INFO : EventManager : Event: ======'carousel_item_highlighted'====== Args={'carousel': 'attract', 'direction': 'backwards', 'item': 'mpf_logo'}
2026-01-31 10:19:03,515 : INFO : SwitchController : <<<<<<< 's_flipper_left' inactive >>>>>>>
2026-01-31 10:19:06,884 : INFO : SwitchController : <<<<<<< 's_flipper_left' active >>>>>>>
2026-01-31 10:19:06,884 : INFO : EventManager : Event: ======'s_flipper_left_active'====== Args={}
2026-01-31 10:19:06,884 : INFO : EventManager : Event: ======'carousel_item_highlighted'====== Args={'carousel': 'attract', 'direction': 'backwards', 'item': 'credits'}
2026-01-31 10:19:06,984 : INFO : SwitchController : <<<<<<< 's_flipper_left' inactive >>>>>>>
2026-01-31 10:19:09,269 : INFO : SwitchController : <<<<<<< 's_flipper_left' active >>>>>>>
2026-01-31 10:19:09,270 : INFO : EventManager : Event: ======'s_flipper_left_active'====== Args={}
2026-01-31 10:19:09,270 : INFO : EventManager : Event: ======'carousel_item_highlighted'====== Args={'carousel': 'attract', 'direction': 'backwards', 'item': 'title'}
2026-01-31 10:19:09,403 : INFO : SwitchController : <<<<<<< 's_flipper_left' inactive >>>>>>>
2026-01-31 10:19:10,304 : INFO : SwitchController : <<<<<<< 's_flipper_left' active >>>>>>>
2026-01-31 10:19:10,304 : INFO : EventManager : Event: ======'s_flipper_left_active'====== Args={}
2026-01-31 10:19:10,304 : INFO : EventManager : Event: ======'carousel_item_highlighted'====== Args={'carousel': 'attract', 'direction': 'backwards', 'item': 'mpf_logo'}
2026-01-31 10:19:10,454 : INFO : SwitchController : <<<<<<< 's_flipper_left' inactive >>>>>>>
2026-01-31 10:19:12,572 : INFO : SwitchController : <<<<<<< 's_flipper_left' active >>>>>>>
2026-01-31 10:19:12,572 : INFO : EventManager : Event: ======'s_flipper_left_active'====== Args={}
2026-01-31 10:19:12,573 : INFO : EventManager : Event: ======'carousel_item_highlighted'====== Args={'carousel': 'attract', 'direction': 'backwards', 'item': 'credits'}
2026-01-31 10:19:12,739 : INFO : SwitchController : <<<<<<< 's_flipper_left' inactive >>>>>>>
2026-01-31 10:19:13,389 : INFO : SwitchController : <<<<<<< 's_flipper_left' active >>>>>>>
2026-01-31 10:19:13,390 : INFO : EventManager : Event: ======'s_flipper_left_active'====== Args={}
2026-01-31 10:19:13,390 : INFO : EventManager : Event: ======'carousel_item_highlighted'====== Args={'carousel': 'attract', 'direction': 'backwards', 'item': 'title'}
2026-01-31 10:19:13,506 : INFO : SwitchController : <<<<<<< 's_flipper_left' inactive >>>>>>>
2026-01-31 10:19:28,936 : INFO : SwitchController : <<<<<<< 's_flipper_left' active >>>>>>>
2026-01-31 10:19:28,936 : INFO : EventManager : Event: ======'s_flipper_left_active'====== Args={}
2026-01-31 10:19:28,937 : INFO : EventManager : Event: ======'carousel_item_highlighted'====== Args={'carousel': 'attract', 'direction': 'backwards', 'item': 'mpf_logo'}
2026-01-31 10:19:29,036 : INFO : SwitchController : <<<<<<< 's_flipper_left' inactive >>>>>>>
2026-01-31 10:19:29,586 : INFO : SwitchController : <<<<<<< 's_flipper_left' active >>>>>>>
2026-01-31 10:19:29,587 : INFO : EventManager : Event: ======'s_flipper_left_active'====== Args={}
2026-01-31 10:19:29,587 : INFO : EventManager : Event: ======'carousel_item_highlighted'====== Args={'carousel': 'attract', 'direction': 'backwards', 'item': 'credits'}
2026-01-31 10:19:29,686 : INFO : SwitchController : <<<<<<< 's_flipper_left' inactive >>>>>>>
2026-01-31 10:20:04,766 : INFO : SwitchController : <<<<<<< 's_flipper_left' active >>>>>>>
2026-01-31 10:20:04,766 : INFO : EventManager : Event: ======'s_flipper_left_active'====== Args={}
2026-01-31 10:20:04,766 : INFO : EventManager : Event: ======'carousel_item_highlighted'====== Args={'carousel': 'attract', 'direction': 'backwards', 'item': 'title'}
2026-01-31 10:20:04,866 : INFO : SwitchController : <<<<<<< 's_flipper_left' inactive >>>>>>>
2026-01-31 10:20:05,149 : INFO : SwitchController : <<<<<<< 's_flipper_left' active >>>>>>>
2026-01-31 10:20:05,149 : INFO : EventManager : Event: ======'s_flipper_left_active'====== Args={}
2026-01-31 10:20:05,150 : INFO : EventManager : Event: ======'carousel_item_highlighted'====== Args={'carousel': 'attract', 'direction': 'backwards', 'item': 'mpf_logo'}
2026-01-31 10:20:05,216 : INFO : SwitchController : <<<<<<< 's_flipper_left' inactive >>>>>>>
2026-01-31 10:20:05,533 : INFO : SwitchController : <<<<<<< 's_flipper_left' active >>>>>>>
2026-01-31 10:20:05,533 : INFO : EventManager : Event: ======'s_flipper_left_active'====== Args={}
2026-01-31 10:20:05,534 : INFO : EventManager : Event: ======'carousel_item_highlighted'====== Args={'carousel': 'attract', 'direction': 'backwards', 'item': 'credits'}
2026-01-31 10:20:05,649 : INFO : SwitchController : <<<<<<< 's_flipper_left' inactive >>>>>>>
2026-01-31 10:20:08,894 : INFO : Machine : Shutting down...
2026-01-31 10:20:08,894 : INFO : EventManager : Event: ======'shutdown'====== Args={}
2026-01-31 10:20:08,897 : INFO : root : MPF run loop ended.
