2026-01-30 18:48:42,994 : INFO : root : Loading config.
2026-01-30 18:48:43,123 : INFO : ConfigProcessor : Config spec file cache created: C:\Users\PINBALL\AppData\Local\Temp\config_spec.mpf_cache
2026-01-30 18:48:43,123 : INFO : YamlMultifileConfigLoader : Machine config file #1: config.yaml
2026-01-30 18:48:43,124 : INFO : ConfigProcessor : Loading config from cache: C:\Users\PINBALL\AppData\Local\Temp\dc12aaf7965691390e3e764c2f8f6c62.mpf_cache
2026-01-30 18:48:43,187 : INFO : ConfigProcessor : Loading config from cache: C:\Users\PINBALL\AppData\Local\Temp\0ffd5aa9806c39de4fff18d9418f8313.mpf_cache
2026-01-30 18:48:43,187 : INFO : ConfigProcessor : Loading config from cache: C:\Users\PINBALL\AppData\Local\Temp\b0fcf7f1efa6789ab3e1a4b401962d91.mpf_cache
2026-01-30 18:48:43,195 : INFO : ConfigProcessor : Loading config from cache: C:\Users\PINBALL\AppData\Local\Temp\0ffd5aa9806c39de4fff18d9418f8313.mpf_cache
2026-01-30 18:48:43,195 : INFO : ConfigProcessor : Loading config from cache: C:\Users\PINBALL\AppData\Local\Temp\ee4ab88e33db079c6b0f3117544f246a.mpf_cache
2026-01-30 18:48:43,202 : INFO : Machine : Mission Pinball Framework Core Engine v0.80.0.dev12
2026-01-30 18:48:43,202 : INFO : Machine : Command line arguments: {'no_load_cache': False, 'create_config_cache': True, 'bcp': False, 'configfile': ['config.yaml'], 'force_assets_load': False, 'platform_integration_test': False, 'jsonlogging': False, 'logfile': 'logs\\2026-01-30-18-48-42-mpf-DESKTOP-HKGT699.log', 'pause': False, 'production': False, 'text_ui': False, 'loglevel': 15, 'consoleloglevel': 20, 'force_platform': 'virtual', 'syslog_address': None, 'full_logfile_path': 'C:\\users\\pinball\\documents\\sonic\\logs\\2026-01-30-18-48-42-mpf-DESKTOP-HKGT699.log'}
2026-01-30 18:48:43,202 : INFO : Machine : MPF path: C:\Users\PINBALL\AppData\Local\Programs\Python\Python314\Lib\site-packages\mpf
2026-01-30 18:48:43,202 : INFO : Machine : Machine path: C:\users\pinball\documents\sonic
2026-01-30 18:48:43,202 : INFO : Machine : Platform: win32
2026-01-30 18:48:43,202 : INFO : Machine : Python executable location: C:\Users\PINBALL\AppData\Local\Programs\Python\Python314\python.exe
2026-01-30 18:48:43,202 : INFO : Machine : Python version: 3.14.2 (64-bit)
2026-01-30 18:48:43,203 : ERROR : root : There is no current event loop in thread 'MainThread'.
Traceback (most recent call last):
  File "C:\Users\PINBALL\AppData\Local\Programs\Python\Python314\Lib\site-packages\mpf\commands\game.py", line 227, in __init__
    self.machine = MachineController(vars(self.args), config)
                   ~~~~~~~~~~~~~~~~~^^^^^^^^^^^^^^^^^^^^^^^^^
  File "C:\Users\PINBALL\AppData\Local\Programs\Python\Python314\Lib\site-packages\mpf\core\machine.py", line 221, in __init__
    self.clock = self._load_clock()
                 ~~~~~~~~~~~~~~~~^^
  File "C:\Users\PINBALL\AppData\Local\Programs\Python\Python314\Lib\site-packages\mpf\core\machine.py", line 279, in _load_clock
    clock = ClockBase(self)
  File "C:\Users\PINBALL\AppData\Local\Programs\Python\Python314\Lib\site-packages\mpf\core\clock.py", line 67, in __init__
    self.loop = self._create_event_loop()   # type: asyncio.AbstractEventLoop
                ~~~~~~~~~~~~~~~~~~~~~~~^^
  File "C:\Users\PINBALL\AppData\Local\Programs\Python\Python314\Lib\site-packages\mpf\core\clock.py", line 81, in _create_event_loop
    return asyncio.get_event_loop()
           ~~~~~~~~~~~~~~~~~~~~~~^^
  File "C:\Users\PINBALL\AppData\Local\Programs\Python\Python314\Lib\asyncio\events.py", line 715, in get_event_loop
    raise RuntimeError('There is no current event loop in thread %r.'
                       % threading.current_thread().name)
RuntimeError: There is no current event loop in thread 'MainThread'.
