2026-01-29 20:11:15,676 : INFO : root : Loading config.
2026-01-29 20:11:15,813 : INFO : ConfigProcessor : Config spec file cache created: C:\Users\PINBALL\AppData\Local\Temp\config_spec.mpf_cache
2026-01-29 20:11:15,813 : INFO : YamlMultifileConfigLoader : Machine config file #1: config.yaml
2026-01-29 20:11:15,813 : INFO : ConfigProcessor : Loading config from file C:\Users\PINBALL\Desktop\mpf\Lib\site-packages\mpf\mpfconfig.yaml.
2026-01-29 20:11:15,850 : INFO : ConfigProcessor : Loading config: C:\Users\PINBALL\Desktop\mpf\Lib\site-packages\mpf\mpfconfig.yaml
2026-01-29 20:11:15,850 : INFO : ConfigProcessor : Loading config from file C:\Users\PINBALL\documents\sonic\config\config.yaml.
2026-01-29 20:11:15,859 : INFO : ConfigProcessor : Loading config: C:\Users\PINBALL\documents\sonic\config\config.yaml
2026-01-29 20:11:15,859 : INFO : ConfigProcessor : Config file cache created: C:\Users\PINBALL\AppData\Local\Temp\a58a1dd2ffdc8cfe6b9c2866e411e56f.mpf_cache
2026-01-29 20:11:16,061 : INFO : ConfigProcessor : Loading config from file C:\Users\PINBALL\Desktop\mpf\Lib\site-packages\mpf\modes\attract\config\attract.yaml.
2026-01-29 20:11:16,069 : INFO : ConfigProcessor : Loading config: C:\Users\PINBALL\Desktop\mpf\Lib\site-packages\mpf\modes\attract\config\attract.yaml
2026-01-29 20:11:16,069 : INFO : ConfigProcessor : Loading config from file C:\Users\PINBALL\documents\sonic\modes\attract\config\attract.yaml.
2026-01-29 20:11:16,076 : INFO : ConfigProcessor : Loading config: C:\Users\PINBALL\documents\sonic\modes\attract\config\attract.yaml
2026-01-29 20:11:16,076 : INFO : ConfigProcessor : Config file cache created: C:\Users\PINBALL\AppData\Local\Temp\a0755be78f450e9a06339b0fd9409fba.mpf_cache
2026-01-29 20:11:16,077 : INFO : ConfigProcessor : Loading config from file C:\Users\PINBALL\Desktop\mpf\Lib\site-packages\mpf\modes\game\config\game.yaml.
2026-01-29 20:11:16,084 : INFO : ConfigProcessor : Loading config: C:\Users\PINBALL\Desktop\mpf\Lib\site-packages\mpf\modes\game\config\game.yaml
2026-01-29 20:11:16,085 : INFO : ConfigProcessor : Config file cache created: C:\Users\PINBALL\AppData\Local\Temp\0aa9a96e6f5d867bb1e6fa6123c9c934.mpf_cache
2026-01-29 20:11:16,085 : INFO : ConfigProcessor : Loading config from cache: C:\Users\PINBALL\AppData\Local\Temp\a0755be78f450e9a06339b0fd9409fba.mpf_cache
2026-01-29 20:11:16,092 : INFO : ConfigProcessor : Loading config from file C:\Users\PINBALL\documents\sonic\modes\base\config\base.yaml.
2026-01-29 20:11:16,100 : INFO : ConfigProcessor : Loading config: C:\Users\PINBALL\documents\sonic\modes\base\config\base.yaml
2026-01-29 20:11:16,101 : INFO : ConfigProcessor : Config file cache created: C:\Users\PINBALL\AppData\Local\Temp\78a14a9b100f37a5b871423b5c8d5343.mpf_cache
2026-01-29 20:11:16,101 : INFO : Machine : Mission Pinball Framework Core Engine v0.80.0.dev12
2026-01-29 20:11:16,101 : INFO : Machine : Command line arguments: {'no_load_cache': False, 'create_config_cache': True, 'bcp': False, 'configfile': ['config.yaml'], 'force_assets_load': False, 'platform_integration_test': False, 'jsonlogging': False, 'logfile': 'logs\\2026-01-29-20-11-15-mpf-DESKTOP-HKGT699.log', 'pause': False, 'production': False, 'text_ui': False, 'loglevel': 15, 'consoleloglevel': 20, 'force_platform': 'virtual', 'syslog_address': None, 'full_logfile_path': 'C:\\Users\\PINBALL\\documents\\sonic\\logs\\2026-01-29-20-11-15-mpf-DESKTOP-HKGT699.log'}
2026-01-29 20:11:16,101 : INFO : Machine : MPF path: C:\Users\PINBALL\Desktop\mpf\Lib\site-packages\mpf
2026-01-29 20:11:16,101 : INFO : Machine : Machine path: C:\Users\PINBALL\documents\sonic
2026-01-29 20:11:16,101 : INFO : Machine : Platform: win32
2026-01-29 20:11:16,101 : INFO : Machine : Python executable location: C:\Users\PINBALL\Desktop\mpf\Scripts\python.exe
2026-01-29 20:11:16,101 : INFO : Machine : Python version: 3.14.2 (64-bit)
2026-01-29 20:11:16,102 : ERROR : root : There is no current event loop in thread 'MainThread'.
Traceback (most recent call last):
  File "C:\Users\PINBALL\Desktop\mpf\Lib\site-packages\mpf\commands\game.py", line 227, in __init__
    self.machine = MachineController(vars(self.args), config)
                   ~~~~~~~~~~~~~~~~~^^^^^^^^^^^^^^^^^^^^^^^^^
  File "C:\Users\PINBALL\Desktop\mpf\Lib\site-packages\mpf\core\machine.py", line 221, in __init__
    self.clock = self._load_clock()
                 ~~~~~~~~~~~~~~~~^^
  File "C:\Users\PINBALL\Desktop\mpf\Lib\site-packages\mpf\core\machine.py", line 279, in _load_clock
    clock = ClockBase(self)
  File "C:\Users\PINBALL\Desktop\mpf\Lib\site-packages\mpf\core\clock.py", line 67, in __init__
    self.loop = self._create_event_loop()   # type: asyncio.AbstractEventLoop
                ~~~~~~~~~~~~~~~~~~~~~~~^^
  File "C:\Users\PINBALL\Desktop\mpf\Lib\site-packages\mpf\core\clock.py", line 81, in _create_event_loop
    return asyncio.get_event_loop()
           ~~~~~~~~~~~~~~~~~~~~~~^^
  File "C:\Users\PINBALL\AppData\Local\Programs\Python\Python314\Lib\asyncio\events.py", line 715, in get_event_loop
    raise RuntimeError('There is no current event loop in thread %r.'
                       % threading.current_thread().name)
RuntimeError: There is no current event loop in thread 'MainThread'.
